[ 2019-07-23T10:43:09+08:00 ] ::1 /
INFO: [ app_init ] --START--
INFO: Run Behavior\BuildLiteBehavior [ RunTime:0.000023s ]
INFO: [ app_init ] --END-- [ RunTime:0.001480s ]
NOTIC: [8] Constant LOG_PATH already defined D:\phpStudy\PHPTutorial\WWW\approach_client\Application\Home\Conf\config.php 第 24 行.
INFO: [ app_begin ] --START--
INFO: Run Behavior\ReadHtmlCacheBehavior [ RunTime:0.000798s ]
INFO: [ app_begin ] --END-- [ RunTime:0.000868s ]
INFO: [ view_parse ] --START--
INFO: [ template_filter ] --START--
INFO: Run Behavior\ContentReplaceBehavior [ RunTime:0.000096s ]
INFO: [ template_filter ] --END-- [ RunTime:0.000226s ]
INFO: Run Behavior\ParseTemplateBehavior [ RunTime:0.022428s ]
INFO: [ view_parse ] --END-- [ RunTime:0.022522s ]
INFO: [ view_filter ] --START--
INFO: Run Behavior\WriteHtmlCacheBehavior [ RunTime:0.000638s ]
INFO: [ view_filter ] --END-- [ RunTime:0.000699s ]
INFO: [ app_end ] --START--
INFO: Run Behavior\ShowPageTraceBehavior [ RunTime:0.000840s ]
INFO: [ app_end ] --END-- [ RunTime:0.000904s ]

[ 2019-07-23T10:43:11+08:00 ] ::1 /index.php/Home/Login/login
INFO: [ app_init ] --START--
INFO: Run Behavior\BuildLiteBehavior [ RunTime:0.000038s ]
INFO: [ app_init ] --END-- [ RunTime:0.000608s ]
NOTIC: [8] Constant LOG_PATH already defined D:\phpStudy\PHPTutorial\WWW\approach_client\Application\Home\Conf\config.php 第 24 行.
INFO: [ app_begin ] --START--
INFO: Run Behavior\ReadHtmlCacheBehavior [ RunTime:0.000868s ]
INFO: [ app_begin ] --END-- [ RunTime:0.001024s ]
INFO: [ view_parse ] --START--
INFO: [ template_filter ] --START--
INFO: Run Behavior\ContentReplaceBehavior [ RunTime:0.000093s ]
INFO: [ template_filter ] --END-- [ RunTime:0.000270s ]
INFO: Run Behavior\ParseTemplateBehavior [ RunTime:0.010148s ]
INFO: [ view_parse ] --END-- [ RunTime:0.010308s ]
INFO: [ view_filter ] --START--
INFO: Run Behavior\WriteHtmlCacheBehavior [ RunTime:0.000288s ]
INFO: [ view_filter ] --END-- [ RunTime:0.000365s ]
INFO: [ app_end ] --START--
INFO: Run Behavior\ShowPageTraceBehavior [ RunTime:0.000641s ]
INFO: [ app_end ] --END-- [ RunTime:0.000721s ]

[ 2019-07-23T10:43:12+08:00 ] ::1 /index.php/Home/Index/main.html
INFO: [ app_init ] --START--
INFO: Run Behavior\BuildLiteBehavior [ RunTime:0.000064s ]
INFO: [ app_init ] --END-- [ RunTime:0.000591s ]
NOTIC: [8] Constant LOG_PATH already defined D:\phpStudy\PHPTutorial\WWW\approach_client\Application\Home\Conf\config.php 第 24 行.
INFO: [ app_begin ] --START--
INFO: Run Behavior\ReadHtmlCacheBehavior [ RunTime:0.000820s ]
INFO: [ app_begin ] --END-- [ RunTime:0.000964s ]
INFO: [ view_parse ] --START--
INFO: [ template_filter ] --START--
INFO: Run Behavior\ContentReplaceBehavior [ RunTime:0.000060s ]
INFO: [ template_filter ] --END-- [ RunTime:0.000142s ]
INFO: Run Behavior\ParseTemplateBehavior [ RunTime:0.006542s ]
INFO: [ view_parse ] --END-- [ RunTime:0.006647s ]
INFO: [ view_filter ] --START--
INFO: Run Behavior\WriteHtmlCacheBehavior [ RunTime:0.000262s ]
INFO: [ view_filter ] --END-- [ RunTime:0.000332s ]
INFO: [ app_end ] --START--
INFO: Run Behavior\ShowPageTraceBehavior [ RunTime:0.000474s ]
INFO: [ app_end ] --END-- [ RunTime:0.000541s ]

[ 2019-07-23T10:43:12+08:00 ] ::1 /index.php/Home/Index/top.html
INFO: [ app_init ] --START--
INFO: Run Behavior\BuildLiteBehavior [ RunTime:0.000039s ]
INFO: [ app_init ] --END-- [ RunTime:0.000753s ]
NOTIC: [8] Constant LOG_PATH already defined D:\phpStudy\PHPTutorial\WWW\approach_client\Application\Home\Conf\config.php 第 24 行.
INFO: [ app_begin ] --START--
INFO: Run Behavior\ReadHtmlCacheBehavior [ RunTime:0.000915s ]
INFO: [ app_begin ] --END-- [ RunTime:0.001077s ]
INFO: [ view_parse ] --START--
INFO: [ template_filter ] --START--
INFO: Run Behavior\ContentReplaceBehavior [ RunTime:0.000104s ]
INFO: [ template_filter ] --END-- [ RunTime:0.000254s ]
INFO: Run Behavior\ParseTemplateBehavior [ RunTime:0.009823s ]
INFO: [ view_parse ] --END-- [ RunTime:0.009963s ]
INFO: [ view_filter ] --START--
INFO: Run Behavior\WriteHtmlCacheBehavior [ RunTime:0.000384s ]
INFO: [ view_filter ] --END-- [ RunTime:0.000484s ]
INFO: [ app_end ] --START--
INFO: Run Behavior\ShowPageTraceBehavior [ RunTime:0.000706s ]
INFO: [ app_end ] --END-- [ RunTime:0.000819s ]

[ 2019-07-23T10:43:12+08:00 ] ::1 /index.php/Home/Update/index
INFO: [ app_init ] --START--
INFO: Run Behavior\BuildLiteBehavior [ RunTime:0.000032s ]
INFO: [ app_init ] --END-- [ RunTime:0.000610s ]
NOTIC: [8] Constant LOG_PATH already defined D:\phpStudy\PHPTutorial\WWW\approach_client\Application\Home\Conf\config.php 第 24 行.
INFO: [ app_begin ] --START--
INFO: Run Behavior\ReadHtmlCacheBehavior [ RunTime:0.000717s ]
INFO: [ app_begin ] --END-- [ RunTime:0.000830s ]
NOTIC: [2] Missing argument 1 for Home\Model\PackModel::orderByData(), called in D:\phpStudy\PHPTutorial\WWW\approach_client\Application\Home\Model\PackModel.class.php on line 55 and defined D:\phpStudy\PHPTutorial\WWW\approach_client\Application\Home\Model\PackModel.class.php 第 68 行.
NOTIC: [8] Undefined variable: pDataArr D:\phpStudy\PHPTutorial\WWW\approach_client\Application\Home\Model\PackModel.class.php 第 69 行.
NOTIC: [2] Missing argument 1 for Home\Model\PackModel::orderByData(), called in D:\phpStudy\PHPTutorial\WWW\approach_client\Application\Home\Model\PackModel.class.php on line 55 and defined D:\phpStudy\PHPTutorial\WWW\approach_client\Application\Home\Model\PackModel.class.php 第 68 行.
NOTIC: [8] Undefined variable: pDataArr D:\phpStudy\PHPTutorial\WWW\approach_client\Application\Home\Model\PackModel.class.php 第 69 行.
INFO: [ view_parse ] --START--
INFO: [ template_filter ] --START--
INFO: Run Behavior\ContentReplaceBehavior [ RunTime:0.000139s ]
INFO: [ template_filter ] --END-- [ RunTime:0.000294s ]
INFO: Run Behavior\ParseTemplateBehavior [ RunTime:0.031468s ]
INFO: [ view_parse ] --END-- [ RunTime:0.031630s ]
INFO: [ view_filter ] --START--
INFO: Run Behavior\WriteHtmlCacheBehavior [ RunTime:0.000433s ]
INFO: [ view_filter ] --END-- [ RunTime:0.000535s ]
INFO: [ app_end ] --START--
INFO: Run Behavior\ShowPageTraceBehavior [ RunTime:0.000884s ]
INFO: [ app_end ] --END-- [ RunTime:0.001007s ]

[ 2019-07-23T10:43:13+08:00 ] ::1 /index.php/Home/Index/left.html
INFO: [ app_init ] --START--
INFO: Run Behavior\BuildLiteBehavior [ RunTime:0.000020s ]
INFO: [ app_init ] --END-- [ RunTime:0.000391s ]
NOTIC: [8] Constant LOG_PATH already defined D:\phpStudy\PHPTutorial\WWW\approach_client\Application\Home\Conf\config.php 第 24 行.
INFO: [ app_begin ] --START--
INFO: Run Behavior\ReadHtmlCacheBehavior [ RunTime:0.000501s ]
INFO: [ app_begin ] --END-- [ RunTime:0.000586s ]
INFO: [ view_parse ] --START--
INFO: [ template_filter ] --START--
INFO: Run Behavior\ContentReplaceBehavior [ RunTime:0.000057s ]
INFO: [ template_filter ] --END-- [ RunTime:0.000135s ]
INFO: Run Behavior\ParseTemplateBehavior [ RunTime:0.007636s ]
INFO: [ view_parse ] --END-- [ RunTime:0.007777s ]
INFO: [ view_filter ] --START--
INFO: Run Behavior\WriteHtmlCacheBehavior [ RunTime:0.000316s ]
INFO: [ view_filter ] --END-- [ RunTime:0.000397s ]
INFO: [ app_end ] --START--
INFO: Run Behavior\ShowPageTraceBehavior [ RunTime:0.000465s ]
INFO: [ app_end ] --END-- [ RunTime:0.000534s ]

[ 2019-07-23T10:43:14+08:00 ] ::1 /index.php/Home/Update/index.html
INFO: [ app_init ] --START--
INFO: Run Behavior\BuildLiteBehavior [ RunTime:0.000021s ]
INFO: [ app_init ] --END-- [ RunTime:0.000394s ]
NOTIC: [8] Constant LOG_PATH already defined D:\phpStudy\PHPTutorial\WWW\approach_client\Application\Home\Conf\config.php 第 24 行.
INFO: [ app_begin ] --START--
INFO: Run Behavior\ReadHtmlCacheBehavior [ RunTime:0.000522s ]
INFO: [ app_begin ] --END-- [ RunTime:0.000613s ]
NOTIC: [2] Missing argument 1 for Home\Model\PackModel::orderByData(), called in D:\phpStudy\PHPTutorial\WWW\approach_client\Application\Home\Model\PackModel.class.php on line 55 and defined D:\phpStudy\PHPTutorial\WWW\approach_client\Application\Home\Model\PackModel.class.php 第 68 行.
NOTIC: [8] Undefined variable: pDataArr D:\phpStudy\PHPTutorial\WWW\approach_client\Application\Home\Model\PackModel.class.php 第 69 行.
NOTIC: [2] Missing argument 1 for Home\Model\PackModel::orderByData(), called in D:\phpStudy\PHPTutorial\WWW\approach_client\Application\Home\Model\PackModel.class.php on line 55 and defined D:\phpStudy\PHPTutorial\WWW\approach_client\Application\Home\Model\PackModel.class.php 第 68 行.
NOTIC: [8] Undefined variable: pDataArr D:\phpStudy\PHPTutorial\WWW\approach_client\Application\Home\Model\PackModel.class.php 第 69 行.
INFO: [ view_parse ] --START--
INFO: [ template_filter ] --START--
INFO: Run Behavior\ContentReplaceBehavior [ RunTime:0.000148s ]
INFO: [ template_filter ] --END-- [ RunTime:0.000333s ]
INFO: Run Behavior\ParseTemplateBehavior [ RunTime:0.012073s ]
INFO: [ view_parse ] --END-- [ RunTime:0.012159s ]
INFO: [ view_filter ] --START--
INFO: Run Behavior\WriteHtmlCacheBehavior [ RunTime:0.000271s ]
INFO: [ view_filter ] --END-- [ RunTime:0.000332s ]
INFO: [ app_end ] --START--
INFO: Run Behavior\ShowPageTraceBehavior [ RunTime:0.000469s ]
INFO: [ app_end ] --END-- [ RunTime:0.000534s ]

[ 2019-07-23T10:43:15+08:00 ] ::1 /index.php/Home/Pack/index.html
INFO: [ app_init ] --START--
INFO: Run Behavior\BuildLiteBehavior [ RunTime:0.000034s ]
INFO: [ app_init ] --END-- [ RunTime:0.000573s ]
NOTIC: [8] Constant LOG_PATH already defined D:\phpStudy\PHPTutorial\WWW\approach_client\Application\Home\Conf\config.php 第 24 行.
INFO: [ app_begin ] --START--
INFO: Run Behavior\ReadHtmlCacheBehavior [ RunTime:0.000694s ]
INFO: [ app_begin ] --END-- [ RunTime:0.000805s ]
NOTIC: [2] Missing argument 1 for Home\Model\PackModel::orderByData(), called in D:\phpStudy\PHPTutorial\WWW\approach_client\Application\Home\Model\PackModel.class.php on line 55 and defined D:\phpStudy\PHPTutorial\WWW\approach_client\Application\Home\Model\PackModel.class.php 第 68 行.
NOTIC: [8] Undefined variable: pDataArr D:\phpStudy\PHPTutorial\WWW\approach_client\Application\Home\Model\PackModel.class.php 第 69 行.
INFO: [ view_parse ] --START--
INFO: [ template_filter ] --START--
INFO: Run Behavior\ContentReplaceBehavior [ RunTime:0.000168s ]
INFO: [ template_filter ] --END-- [ RunTime:0.000318s ]
NOTIC: [8] Undefined offset: 2 D:\phpStudy\PHPTutorial\WWW\approach_client\Application\Runtime\Cache\Home\2d4b105cc3f28ce14a5e37983c2cdccc.php 第 85 行.
NOTIC: [8] Undefined offset: 2 D:\phpStudy\PHPTutorial\WWW\approach_client\Application\Runtime\Cache\Home\2d4b105cc3f28ce14a5e37983c2cdccc.php 第 85 行.
NOTIC: [8] Undefined index: relative_path D:\phpStudy\PHPTutorial\WWW\approach_client\Application\Runtime\Cache\Home\2d4b105cc3f28ce14a5e37983c2cdccc.php 第 120 行.
NOTIC: [8] A non well formed numeric value encountered D:\phpStudy\PHPTutorial\WWW\approach_client\Application\Runtime\Cache\Home\2d4b105cc3f28ce14a5e37983c2cdccc.php 第 119 行.
NOTIC: [8] Undefined index: relative_path D:\phpStudy\PHPTutorial\WWW\approach_client\Application\Runtime\Cache\Home\2d4b105cc3f28ce14a5e37983c2cdccc.php 第 120 行.
NOTIC: [8] A non well formed numeric value encountered D:\phpStudy\PHPTutorial\WWW\approach_client\Application\Runtime\Cache\Home\2d4b105cc3f28ce14a5e37983c2cdccc.php 第 119 行.
NOTIC: [8] Undefined index: relative_path D:\phpStudy\PHPTutorial\WWW\approach_client\Application\Runtime\Cache\Home\2d4b105cc3f28ce14a5e37983c2cdccc.php 第 120 行.
INFO: Run Behavior\ParseTemplateBehavior [ RunTime:0.018915s ]
INFO: [ view_parse ] --END-- [ RunTime:0.019037s ]
INFO: [ view_filter ] --START--
INFO: Run Behavior\WriteHtmlCacheBehavior [ RunTime:0.000366s ]
INFO: [ view_filter ] --END-- [ RunTime:0.000451s ]
INFO: [ app_end ] --START--
INFO: Run Behavior\ShowPageTraceBehavior [ RunTime:0.000687s ]
INFO: [ app_end ] --END-- [ RunTime:0.000800s ]

[ 2019-07-23T10:43:16+08:00 ] ::1 /index.php/Home/Update/index.html
INFO: [ app_init ] --START--
INFO: Run Behavior\BuildLiteBehavior [ RunTime:0.000019s ]
INFO: [ app_init ] --END-- [ RunTime:0.000379s ]
NOTIC: [8] Constant LOG_PATH already defined D:\phpStudy\PHPTutorial\WWW\approach_client\Application\Home\Conf\config.php 第 24 行.
INFO: [ app_begin ] --START--
INFO: Run Behavior\ReadHtmlCacheBehavior [ RunTime:0.000434s ]
INFO: [ app_begin ] --END-- [ RunTime:0.000499s ]
NOTIC: [2] Missing argument 1 for Home\Model\PackModel::orderByData(), called in D:\phpStudy\PHPTutorial\WWW\approach_client\Application\Home\Model\PackModel.class.php on line 55 and defined D:\phpStudy\PHPTutorial\WWW\approach_client\Application\Home\Model\PackModel.class.php 第 68 行.
NOTIC: [8] Undefined variable: pDataArr D:\phpStudy\PHPTutorial\WWW\approach_client\Application\Home\Model\PackModel.class.php 第 69 行.
NOTIC: [2] Missing argument 1 for Home\Model\PackModel::orderByData(), called in D:\phpStudy\PHPTutorial\WWW\approach_client\Application\Home\Model\PackModel.class.php on line 55 and defined D:\phpStudy\PHPTutorial\WWW\approach_client\Application\Home\Model\PackModel.class.php 第 68 行.
NOTIC: [8] Undefined variable: pDataArr D:\phpStudy\PHPTutorial\WWW\approach_client\Application\Home\Model\PackModel.class.php 第 69 行.
INFO: [ view_parse ] --START--
INFO: [ template_filter ] --START--
INFO: Run Behavior\ContentReplaceBehavior [ RunTime:0.000134s ]
INFO: [ template_filter ] --END-- [ RunTime:0.000256s ]
INFO: Run Behavior\ParseTemplateBehavior [ RunTime:0.010358s ]
INFO: [ view_parse ] --END-- [ RunTime:0.010440s ]
INFO: [ view_filter ] --START--
INFO: Run Behavior\WriteHtmlCacheBehavior [ RunTime:0.000254s ]
INFO: [ view_filter ] --END-- [ RunTime:0.000315s ]
INFO: [ app_end ] --START--
INFO: Run Behavior\ShowPageTraceBehavior [ RunTime:0.000458s ]
INFO: [ app_end ] --END-- [ RunTime:0.000521s ]

[ 2019-07-23T10:43:16+08:00 ] ::1 /index.php/Home/Pack/index.html
INFO: [ app_init ] --START--
INFO: Run Behavior\BuildLiteBehavior [ RunTime:0.000030s ]
INFO: [ app_init ] --END-- [ RunTime:0.000480s ]
NOTIC: [8] Constant LOG_PATH already defined D:\phpStudy\PHPTutorial\WWW\approach_client\Application\Home\Conf\config.php 第 24 行.
INFO: [ app_begin ] --START--
INFO: Run Behavior\ReadHtmlCacheBehavior [ RunTime:0.000452s ]
INFO: [ app_begin ] --END-- [ RunTime:0.000520s ]
NOTIC: [2] Missing argument 1 for Home\Model\PackModel::orderByData(), called in D:\phpStudy\PHPTutorial\WWW\approach_client\Application\Home\Model\PackModel.class.php on line 55 and defined D:\phpStudy\PHPTutorial\WWW\approach_client\Application\Home\Model\PackModel.class.php 第 68 行.
NOTIC: [8] Undefined variable: pDataArr D:\phpStudy\PHPTutorial\WWW\approach_client\Application\Home\Model\PackModel.class.php 第 69 行.
INFO: [ view_parse ] --START--
INFO: [ template_filter ] --START--
INFO: Run Behavior\ContentReplaceBehavior [ RunTime:0.000154s ]
INFO: [ template_filter ] --END-- [ RunTime:0.000286s ]
NOTIC: [8] Undefined offset: 2 D:\phpStudy\PHPTutorial\WWW\approach_client\Application\Runtime\Cache\Home\2d4b105cc3f28ce14a5e37983c2cdccc.php 第 85 行.
NOTIC: [8] Undefined offset: 2 D:\phpStudy\PHPTutorial\WWW\approach_client\Application\Runtime\Cache\Home\2d4b105cc3f28ce14a5e37983c2cdccc.php 第 85 行.
NOTIC: [8] Undefined index: relative_path D:\phpStudy\PHPTutorial\WWW\approach_client\Application\Runtime\Cache\Home\2d4b105cc3f28ce14a5e37983c2cdccc.php 第 120 行.
NOTIC: [8] A non well formed numeric value encountered D:\phpStudy\PHPTutorial\WWW\approach_client\Application\Runtime\Cache\Home\2d4b105cc3f28ce14a5e37983c2cdccc.php 第 119 行.
NOTIC: [8] Undefined index: relative_path D:\phpStudy\PHPTutorial\WWW\approach_client\Application\Runtime\Cache\Home\2d4b105cc3f28ce14a5e37983c2cdccc.php 第 120 行.
NOTIC: [8] A non well formed numeric value encountered D:\phpStudy\PHPTutorial\WWW\approach_client\Application\Runtime\Cache\Home\2d4b105cc3f28ce14a5e37983c2cdccc.php 第 119 行.
NOTIC: [8] Undefined index: relative_path D:\phpStudy\PHPTutorial\WWW\approach_client\Application\Runtime\Cache\Home\2d4b105cc3f28ce14a5e37983c2cdccc.php 第 120 行.
INFO: Run Behavior\ParseTemplateBehavior [ RunTime:0.014836s ]
INFO: [ view_parse ] --END-- [ RunTime:0.014944s ]
INFO: [ view_filter ] --START--
INFO: Run Behavior\WriteHtmlCacheBehavior [ RunTime:0.000413s ]
INFO: [ view_filter ] --END-- [ RunTime:0.000501s ]
INFO: [ app_end ] --START--
INFO: Run Behavior\ShowPageTraceBehavior [ RunTime:0.000566s ]
INFO: [ app_end ] --END-- [ RunTime:0.000653s ]

[ 2019-07-23T10:43:17+08:00 ] ::1 /index.php/Home/Update/index.html
INFO: [ app_init ] --START--
INFO: Run Behavior\BuildLiteBehavior [ RunTime:0.000029s ]
INFO: [ app_init ] --END-- [ RunTime:0.000498s ]
NOTIC: [8] Constant LOG_PATH already defined D:\phpStudy\PHPTutorial\WWW\approach_client\Application\Home\Conf\config.php 第 24 行.
INFO: [ app_begin ] --START--
INFO: Run Behavior\ReadHtmlCacheBehavior [ RunTime:0.000597s ]
INFO: [ app_begin ] --END-- [ RunTime:0.000688s ]
NOTIC: [2] Missing argument 1 for Home\Model\PackModel::orderByData(), called in D:\phpStudy\PHPTutorial\WWW\approach_client\Application\Home\Model\PackModel.class.php on line 55 and defined D:\phpStudy\PHPTutorial\WWW\approach_client\Application\Home\Model\PackModel.class.php 第 68 行.
NOTIC: [8] Undefined variable: pDataArr D:\phpStudy\PHPTutorial\WWW\approach_client\Application\Home\Model\PackModel.class.php 第 69 行.
NOTIC: [2] Missing argument 1 for Home\Model\PackModel::orderByData(), called in D:\phpStudy\PHPTutorial\WWW\approach_client\Application\Home\Model\PackModel.class.php on line 55 and defined D:\phpStudy\PHPTutorial\WWW\approach_client\Application\Home\Model\PackModel.class.php 第 68 行.
NOTIC: [8] Undefined variable: pDataArr D:\phpStudy\PHPTutorial\WWW\approach_client\Application\Home\Model\PackModel.class.php 第 69 行.
INFO: [ view_parse ] --START--
INFO: [ template_filter ] --START--
INFO: Run Behavior\ContentReplaceBehavior [ RunTime:0.000133s ]
INFO: [ template_filter ] --END-- [ RunTime:0.000254s ]
INFO: Run Behavior\ParseTemplateBehavior [ RunTime:0.010746s ]
INFO: [ view_parse ] --END-- [ RunTime:0.010827s ]
INFO: [ view_filter ] --START--
INFO: Run Behavior\WriteHtmlCacheBehavior [ RunTime:0.000249s ]
INFO: [ view_filter ] --END-- [ RunTime:0.000308s ]
INFO: [ app_end ] --START--
INFO: Run Behavior\ShowPageTraceBehavior [ RunTime:0.000441s ]
INFO: [ app_end ] --END-- [ RunTime:0.000502s ]

[ 2019-07-23T10:43:19+08:00 ] ::1 /index.php/Home/Update/index.html?type_id=2
INFO: [ app_init ] --START--
INFO: Run Behavior\BuildLiteBehavior [ RunTime:0.000029s ]
INFO: [ app_init ] --END-- [ RunTime:0.000474s ]
NOTIC: [8] Constant LOG_PATH already defined D:\phpStudy\PHPTutorial\WWW\approach_client\Application\Home\Conf\config.php 第 24 行.
INFO: [ app_begin ] --START--
INFO: Run Behavior\ReadHtmlCacheBehavior [ RunTime:0.000903s ]
INFO: [ app_begin ] --END-- [ RunTime:0.001059s ]
NOTIC: [2] Missing argument 1 for Home\Model\PackModel::orderByData(), called in D:\phpStudy\PHPTutorial\WWW\approach_client\Application\Home\Model\PackModel.class.php on line 55 and defined D:\phpStudy\PHPTutorial\WWW\approach_client\Application\Home\Model\PackModel.class.php 第 68 行.
NOTIC: [8] Undefined variable: pDataArr D:\phpStudy\PHPTutorial\WWW\approach_client\Application\Home\Model\PackModel.class.php 第 69 行.
INFO: [ view_parse ] --START--
INFO: [ template_filter ] --START--
INFO: Run Behavior\ContentReplaceBehavior [ RunTime:0.000090s ]
INFO: [ template_filter ] --END-- [ RunTime:0.000203s ]
INFO: Run Behavior\ParseTemplateBehavior [ RunTime:0.011191s ]
INFO: [ view_parse ] --END-- [ RunTime:0.011274s ]
INFO: [ view_filter ] --START--
INFO: Run Behavior\WriteHtmlCacheBehavior [ RunTime:0.000270s ]
INFO: [ view_filter ] --END-- [ RunTime:0.000335s ]
INFO: [ app_end ] --START--
INFO: Run Behavior\ShowPageTraceBehavior [ RunTime:0.000444s ]
INFO: [ app_end ] --END-- [ RunTime:0.000505s ]

[ 2019-07-23T10:43:21+08:00 ] ::1 /index.php/Home/Update/index.html?type_id=1
INFO: [ app_init ] --START--
INFO: Run Behavior\BuildLiteBehavior [ RunTime:0.000033s ]
INFO: [ app_init ] --END-- [ RunTime:0.000511s ]
NOTIC: [8] Constant LOG_PATH already defined D:\phpStudy\PHPTutorial\WWW\approach_client\Application\Home\Conf\config.php 第 24 行.
INFO: [ app_begin ] --START--
INFO: Run Behavior\ReadHtmlCacheBehavior [ RunTime:0.000756s ]
INFO: [ app_begin ] --END-- [ RunTime:0.000847s ]
NOTIC: [2] Missing argument 1 for Home\Model\PackModel::orderByData(), called in D:\phpStudy\PHPTutorial\WWW\approach_client\Application\Home\Model\PackModel.class.php on line 55 and defined D:\phpStudy\PHPTutorial\WWW\approach_client\Application\Home\Model\PackModel.class.php 第 68 行.
NOTIC: [8] Undefined variable: pDataArr D:\phpStudy\PHPTutorial\WWW\approach_client\Application\Home\Model\PackModel.class.php 第 69 行.
INFO: [ view_parse ] --START--
INFO: [ template_filter ] --START--
INFO: Run Behavior\ContentReplaceBehavior [ RunTime:0.000092s ]
INFO: [ template_filter ] --END-- [ RunTime:0.000201s ]
INFO: Run Behavior\ParseTemplateBehavior [ RunTime:0.010848s ]
INFO: [ view_parse ] --END-- [ RunTime:0.010924s ]
INFO: [ view_filter ] --START--
INFO: Run Behavior\WriteHtmlCacheBehavior [ RunTime:0.000257s ]
INFO: [ view_filter ] --END-- [ RunTime:0.000319s ]
INFO: [ app_end ] --START--
INFO: Run Behavior\ShowPageTraceBehavior [ RunTime:0.000461s ]
INFO: [ app_end ] --END-- [ RunTime:0.000526s ]

[ 2019-07-23T10:43:23+08:00 ] ::1 /index.php/Home/Update/index.html
INFO: [ app_init ] --START--
INFO: Run Behavior\BuildLiteBehavior [ RunTime:0.000032s ]
INFO: [ app_init ] --END-- [ RunTime:0.000596s ]
NOTIC: [8] Constant LOG_PATH already defined D:\phpStudy\PHPTutorial\WWW\approach_client\Application\Home\Conf\config.php 第 24 行.
INFO: [ app_begin ] --START--
INFO: Run Behavior\ReadHtmlCacheBehavior [ RunTime:0.000500s ]
INFO: [ app_begin ] --END-- [ RunTime:0.000576s ]
NOTIC: [2] Missing argument 1 for Home\Model\PackModel::orderByData(), called in D:\phpStudy\PHPTutorial\WWW\approach_client\Application\Home\Model\PackModel.class.php on line 55 and defined D:\phpStudy\PHPTutorial\WWW\approach_client\Application\Home\Model\PackModel.class.php 第 68 行.
NOTIC: [8] Undefined variable: pDataArr D:\phpStudy\PHPTutorial\WWW\approach_client\Application\Home\Model\PackModel.class.php 第 69 行.
NOTIC: [2] Missing argument 1 for Home\Model\PackModel::orderByData(), called in D:\phpStudy\PHPTutorial\WWW\approach_client\Application\Home\Model\PackModel.class.php on line 55 and defined D:\phpStudy\PHPTutorial\WWW\approach_client\Application\Home\Model\PackModel.class.php 第 68 行.
NOTIC: [8] Undefined variable: pDataArr D:\phpStudy\PHPTutorial\WWW\approach_client\Application\Home\Model\PackModel.class.php 第 69 行.
INFO: [ view_parse ] --START--
INFO: [ template_filter ] --START--
INFO: Run Behavior\ContentReplaceBehavior [ RunTime:0.000134s ]
INFO: [ template_filter ] --END-- [ RunTime:0.000304s ]
INFO: Run Behavior\ParseTemplateBehavior [ RunTime:0.015579s ]
INFO: [ view_parse ] --END-- [ RunTime:0.015710s ]
INFO: [ view_filter ] --START--
INFO: Run Behavior\WriteHtmlCacheBehavior [ RunTime:0.000393s ]
INFO: [ view_filter ] --END-- [ RunTime:0.000490s ]
INFO: [ app_end ] --START--
INFO: Run Behavior\ShowPageTraceBehavior [ RunTime:0.001147s ]
INFO: [ app_end ] --END-- [ RunTime:0.001284s ]

[ 2019-07-23T10:43:23+08:00 ] ::1 /index.php/Home/Update/index.html
INFO: [ app_init ] --START--
INFO: Run Behavior\BuildLiteBehavior [ RunTime:0.000042s ]
INFO: [ app_init ] --END-- [ RunTime:0.000753s ]
NOTIC: [8] Constant LOG_PATH already defined D:\phpStudy\PHPTutorial\WWW\approach_client\Application\Home\Conf\config.php 第 24 行.
INFO: [ app_begin ] --START--
INFO: Run Behavior\ReadHtmlCacheBehavior [ RunTime:0.000727s ]
INFO: [ app_begin ] --END-- [ RunTime:0.000845s ]
NOTIC: [2] Missing argument 1 for Home\Model\PackModel::orderByData(), called in D:\phpStudy\PHPTutorial\WWW\approach_client\Application\Home\Model\PackModel.class.php on line 55 and defined D:\phpStudy\PHPTutorial\WWW\approach_client\Application\Home\Model\PackModel.class.php 第 68 行.
NOTIC: [8] Undefined variable: pDataArr D:\phpStudy\PHPTutorial\WWW\approach_client\Application\Home\Model\PackModel.class.php 第 69 行.
NOTIC: [2] Missing argument 1 for Home\Model\PackModel::orderByData(), called in D:\phpStudy\PHPTutorial\WWW\approach_client\Application\Home\Model\PackModel.class.php on line 55 and defined D:\phpStudy\PHPTutorial\WWW\approach_client\Application\Home\Model\PackModel.class.php 第 68 行.
NOTIC: [8] Undefined variable: pDataArr D:\phpStudy\PHPTutorial\WWW\approach_client\Application\Home\Model\PackModel.class.php 第 69 行.
INFO: [ view_parse ] --START--
INFO: [ template_filter ] --START--
INFO: Run Behavior\ContentReplaceBehavior [ RunTime:0.000109s ]
INFO: [ template_filter ] --END-- [ RunTime:0.000243s ]
INFO: Run Behavior\ParseTemplateBehavior [ RunTime:0.015518s ]
INFO: [ view_parse ] --END-- [ RunTime:0.015664s ]
INFO: [ view_filter ] --START--
INFO: Run Behavior\WriteHtmlCacheBehavior [ RunTime:0.000372s ]
INFO: [ view_filter ] --END-- [ RunTime:0.000437s ]
INFO: [ app_end ] --START--
INFO: Run Behavior\ShowPageTraceBehavior [ RunTime:0.000537s ]
INFO: [ app_end ] --END-- [ RunTime:0.000612s ]

[ 2019-07-23T10:43:25+08:00 ] ::1 /index.php/Home/Update/index.html?type_id=2
INFO: [ app_init ] --START--
INFO: Run Behavior\BuildLiteBehavior [ RunTime:0.000023s ]
INFO: [ app_init ] --END-- [ RunTime:0.000396s ]
NOTIC: [8] Constant LOG_PATH already defined D:\phpStudy\PHPTutorial\WWW\approach_client\Application\Home\Conf\config.php 第 24 行.
INFO: [ app_begin ] --START--
INFO: Run Behavior\ReadHtmlCacheBehavior [ RunTime:0.000483s ]
INFO: [ app_begin ] --END-- [ RunTime:0.000554s ]
NOTIC: [2] Missing argument 1 for Home\Model\PackModel::orderByData(), called in D:\phpStudy\PHPTutorial\WWW\approach_client\Application\Home\Model\PackModel.class.php on line 55 and defined D:\phpStudy\PHPTutorial\WWW\approach_client\Application\Home\Model\PackModel.class.php 第 68 行.
NOTIC: [8] Undefined variable: pDataArr D:\phpStudy\PHPTutorial\WWW\approach_client\Application\Home\Model\PackModel.class.php 第 69 行.
INFO: [ view_parse ] --START--
INFO: [ template_filter ] --START--
INFO: Run Behavior\ContentReplaceBehavior [ RunTime:0.000131s ]
INFO: [ template_filter ] --END-- [ RunTime:0.000259s ]
INFO: Run Behavior\ParseTemplateBehavior [ RunTime:0.014728s ]
INFO: [ view_parse ] --END-- [ RunTime:0.014810s ]
INFO: [ view_filter ] --START--
INFO: Run Behavior\WriteHtmlCacheBehavior [ RunTime:0.000250s ]
INFO: [ view_filter ] --END-- [ RunTime:0.000309s ]
INFO: [ app_end ] --START--
INFO: Run Behavior\ShowPageTraceBehavior [ RunTime:0.000441s ]
INFO: [ app_end ] --END-- [ RunTime:0.000502s ]

[ 2019-07-23T10:43:26+08:00 ] ::1 /index.php/Home/Update/index.html
INFO: [ app_init ] --START--
INFO: Run Behavior\BuildLiteBehavior [ RunTime:0.000021s ]
INFO: [ app_init ] --END-- [ RunTime:0.000402s ]
NOTIC: [8] Constant LOG_PATH already defined D:\phpStudy\PHPTutorial\WWW\approach_client\Application\Home\Conf\config.php 第 24 行.
INFO: [ app_begin ] --START--
INFO: Run Behavior\ReadHtmlCacheBehavior [ RunTime:0.000484s ]
INFO: [ app_begin ] --END-- [ RunTime:0.000637s ]
NOTIC: [2] Missing argument 1 for Home\Model\PackModel::orderByData(), called in D:\phpStudy\PHPTutorial\WWW\approach_client\Application\Home\Model\PackModel.class.php on line 55 and defined D:\phpStudy\PHPTutorial\WWW\approach_client\Application\Home\Model\PackModel.class.php 第 68 行.
NOTIC: [8] Undefined variable: pDataArr D:\phpStudy\PHPTutorial\WWW\approach_client\Application\Home\Model\PackModel.class.php 第 69 行.
NOTIC: [2] Missing argument 1 for Home\Model\PackModel::orderByData(), called in D:\phpStudy\PHPTutorial\WWW\approach_client\Application\Home\Model\PackModel.class.php on line 55 and defined D:\phpStudy\PHPTutorial\WWW\approach_client\Application\Home\Model\PackModel.class.php 第 68 行.
NOTIC: [8] Undefined variable: pDataArr D:\phpStudy\PHPTutorial\WWW\approach_client\Application\Home\Model\PackModel.class.php 第 69 行.
INFO: [ view_parse ] --START--
INFO: [ template_filter ] --START--
INFO: Run Behavior\ContentReplaceBehavior [ RunTime:0.000139s ]
INFO: [ template_filter ] --END-- [ RunTime:0.000281s ]
INFO: Run Behavior\ParseTemplateBehavior [ RunTime:0.014615s ]
INFO: [ view_parse ] --END-- [ RunTime:0.014748s ]
INFO: [ view_filter ] --START--
INFO: Run Behavior\WriteHtmlCacheBehavior [ RunTime:0.000355s ]
INFO: [ view_filter ] --END-- [ RunTime:0.000448s ]
INFO: [ app_end ] --START--
INFO: Run Behavior\ShowPageTraceBehavior [ RunTime:0.000656s ]
INFO: [ app_end ] --END-- [ RunTime:0.000752s ]

[ 2019-07-23T10:46:11+08:00 ] ::1 /index.php/Home/Update/index.html?type_id=2
INFO: [ app_init ] --START--
INFO: Run Behavior\BuildLiteBehavior [ RunTime:0.000021s ]
INFO: [ app_init ] --END-- [ RunTime:0.000447s ]
NOTIC: [8] Constant LOG_PATH already defined D:\phpStudy\PHPTutorial\WWW\approach_client\Application\Home\Conf\config.php 第 24 行.
INFO: [ app_begin ] --START--
INFO: Run Behavior\ReadHtmlCacheBehavior [ RunTime:0.000482s ]
INFO: [ app_begin ] --END-- [ RunTime:0.000548s ]
NOTIC: [2] Missing argument 1 for Home\Model\PackModel::orderByData(), called in D:\phpStudy\PHPTutorial\WWW\approach_client\Application\Home\Model\PackModel.class.php on line 55 and defined D:\phpStudy\PHPTutorial\WWW\approach_client\Application\Home\Model\PackModel.class.php 第 68 行.
NOTIC: [8] Undefined variable: pDataArr D:\phpStudy\PHPTutorial\WWW\approach_client\Application\Home\Model\PackModel.class.php 第 69 行.
INFO: [ view_parse ] --START--
INFO: [ template_filter ] --START--
INFO: Run Behavior\ContentReplaceBehavior [ RunTime:0.000133s ]
INFO: [ template_filter ] --END-- [ RunTime:0.000382s ]
INFO: Run Behavior\ParseTemplateBehavior [ RunTime:0.014728s ]
INFO: [ view_parse ] --END-- [ RunTime:0.014829s ]
INFO: [ view_filter ] --START--
INFO: Run Behavior\WriteHtmlCacheBehavior [ RunTime:0.000364s ]
INFO: [ view_filter ] --END-- [ RunTime:0.000424s ]
INFO: [ app_end ] --START--
INFO: Run Behavior\ShowPageTraceBehavior [ RunTime:0.000507s ]
INFO: [ app_end ] --END-- [ RunTime:0.000571s ]

[ 2019-07-23T10:46:11+08:00 ] ::1 /index.php/Home/Update/index.html
INFO: [ app_init ] --START--
INFO: Run Behavior\BuildLiteBehavior [ RunTime:0.000030s ]
INFO: [ app_init ] --END-- [ RunTime:0.000547s ]
NOTIC: [8] Constant LOG_PATH already defined D:\phpStudy\PHPTutorial\WWW\approach_client\Application\Home\Conf\config.php 第 24 行.
INFO: [ app_begin ] --START--
INFO: Run Behavior\ReadHtmlCacheBehavior [ RunTime:0.000448s ]
INFO: [ app_begin ] --END-- [ RunTime:0.000514s ]
NOTIC: [8] Undefined property: Home\Service\Index\UpdateService::$UpdateService D:\phpStudy\PHPTutorial\WWW\approach_client\Application\Home\Service\Index\UpdateService.class.php 第 27 行.

[ 2019-07-23T10:46:32+08:00 ] ::1 /index.php/Home/Update/index.html
INFO: [ app_init ] --START--
INFO: Run Behavior\BuildLiteBehavior [ RunTime:0.000030s ]
INFO: [ app_init ] --END-- [ RunTime:0.000544s ]
NOTIC: [8] Constant LOG_PATH already defined D:\phpStudy\PHPTutorial\WWW\approach_client\Application\Home\Conf\config.php 第 24 行.
INFO: [ app_begin ] --START--
INFO: Run Behavior\ReadHtmlCacheBehavior [ RunTime:0.000663s ]
INFO: [ app_begin ] --END-- [ RunTime:0.000766s ]
NOTIC: [8] Undefined property: Home\Service\Index\UpdateService::$UpdateService D:\phpStudy\PHPTutorial\WWW\approach_client\Application\Home\Service\Index\UpdateService.class.php 第 27 行.

[ 2019-07-23T10:46:33+08:00 ] ::1 /index.php/Home/Pack/index.html
INFO: [ app_init ] --START--
INFO: Run Behavior\BuildLiteBehavior [ RunTime:0.000034s ]
INFO: [ app_init ] --END-- [ RunTime:0.000585s ]
NOTIC: [8] Constant LOG_PATH already defined D:\phpStudy\PHPTutorial\WWW\approach_client\Application\Home\Conf\config.php 第 24 行.
INFO: [ app_begin ] --START--
INFO: Run Behavior\ReadHtmlCacheBehavior [ RunTime:0.000706s ]
INFO: [ app_begin ] --END-- [ RunTime:0.000815s ]
NOTIC: [2] Missing argument 1 for Home\Model\PackModel::orderByData(), called in D:\phpStudy\PHPTutorial\WWW\approach_client\Application\Home\Model\PackModel.class.php on line 55 and defined D:\phpStudy\PHPTutorial\WWW\approach_client\Application\Home\Model\PackModel.class.php 第 68 行.
NOTIC: [8] Undefined variable: pDataArr D:\phpStudy\PHPTutorial\WWW\approach_client\Application\Home\Model\PackModel.class.php 第 69 行.
INFO: [ view_parse ] --START--
INFO: [ template_filter ] --START--
INFO: Run Behavior\ContentReplaceBehavior [ RunTime:0.000157s ]
INFO: [ template_filter ] --END-- [ RunTime:0.000264s ]
NOTIC: [8] Undefined offset: 2 D:\phpStudy\PHPTutorial\WWW\approach_client\Application\Runtime\Cache\Home\2d4b105cc3f28ce14a5e37983c2cdccc.php 第 85 行.
NOTIC: [8] Undefined offset: 2 D:\phpStudy\PHPTutorial\WWW\approach_client\Application\Runtime\Cache\Home\2d4b105cc3f28ce14a5e37983c2cdccc.php 第 85 行.
NOTIC: [8] Undefined index: relative_path D:\phpStudy\PHPTutorial\WWW\approach_client\Application\Runtime\Cache\Home\2d4b105cc3f28ce14a5e37983c2cdccc.php 第 120 行.
NOTIC: [8] A non well formed numeric value encountered D:\phpStudy\PHPTutorial\WWW\approach_client\Application\Runtime\Cache\Home\2d4b105cc3f28ce14a5e37983c2cdccc.php 第 119 行.
NOTIC: [8] Undefined index: relative_path D:\phpStudy\PHPTutorial\WWW\approach_client\Application\Runtime\Cache\Home\2d4b105cc3f28ce14a5e37983c2cdccc.php 第 120 行.
NOTIC: [8] A non well formed numeric value encountered D:\phpStudy\PHPTutorial\WWW\approach_client\Application\Runtime\Cache\Home\2d4b105cc3f28ce14a5e37983c2cdccc.php 第 119 行.
NOTIC: [8] Undefined index: relative_path D:\phpStudy\PHPTutorial\WWW\approach_client\Application\Runtime\Cache\Home\2d4b105cc3f28ce14a5e37983c2cdccc.php 第 120 行.
INFO: Run Behavior\ParseTemplateBehavior [ RunTime:0.012969s ]
INFO: [ view_parse ] --END-- [ RunTime:0.013076s ]
INFO: [ view_filter ] --START--
INFO: Run Behavior\WriteHtmlCacheBehavior [ RunTime:0.000336s ]
INFO: [ view_filter ] --END-- [ RunTime:0.000420s ]
INFO: [ app_end ] --START--
INFO: Run Behavior\ShowPageTraceBehavior [ RunTime:0.000653s ]
INFO: [ app_end ] --END-- [ RunTime:0.000753s ]

[ 2019-07-23T10:46:33+08:00 ] ::1 /index.php/Home/Update/index.html
INFO: [ app_init ] --START--
INFO: Run Behavior\BuildLiteBehavior [ RunTime:0.000030s ]
INFO: [ app_init ] --END-- [ RunTime:0.000548s ]
NOTIC: [8] Constant LOG_PATH already defined D:\phpStudy\PHPTutorial\WWW\approach_client\Application\Home\Conf\config.php 第 24 行.
INFO: [ app_begin ] --START--
INFO: Run Behavior\ReadHtmlCacheBehavior [ RunTime:0.000570s ]
INFO: [ app_begin ] --END-- [ RunTime:0.000655s ]
NOTIC: [8] Undefined property: Home\Service\Index\UpdateService::$UpdateService D:\phpStudy\PHPTutorial\WWW\approach_client\Application\Home\Service\Index\UpdateService.class.php 第 27 行.

[ 2019-07-23T10:46:47+08:00 ] ::1 /index.php/Home/Update/index.html
INFO: [ app_init ] --START--
INFO: Run Behavior\BuildLiteBehavior [ RunTime:0.000023s ]
INFO: [ app_init ] --END-- [ RunTime:0.000413s ]
NOTIC: [8] Constant LOG_PATH already defined D:\phpStudy\PHPTutorial\WWW\approach_client\Application\Home\Conf\config.php 第 24 行.
INFO: [ app_begin ] --START--
INFO: Run Behavior\ReadHtmlCacheBehavior [ RunTime:0.000573s ]
INFO: [ app_begin ] --END-- [ RunTime:0.000663s ]
NOTIC: [2] Missing argument 1 for Home\Model\PackModel::orderByData(), called in D:\phpStudy\PHPTutorial\WWW\approach_client\Application\Home\Model\PackModel.class.php on line 55 and defined D:\phpStudy\PHPTutorial\WWW\approach_client\Application\Home\Model\PackModel.class.php 第 68 行.
NOTIC: [8] Undefined variable: pDataArr D:\phpStudy\PHPTutorial\WWW\approach_client\Application\Home\Model\PackModel.class.php 第 69 行.
NOTIC: [2] Missing argument 1 for Home\Model\PackModel::orderByData(), called in D:\phpStudy\PHPTutorial\WWW\approach_client\Application\Home\Model\PackModel.class.php on line 55 and defined D:\phpStudy\PHPTutorial\WWW\approach_client\Application\Home\Model\PackModel.class.php 第 68 行.
NOTIC: [8] Undefined variable: pDataArr D:\phpStudy\PHPTutorial\WWW\approach_client\Application\Home\Model\PackModel.class.php 第 69 行.
INFO: [ view_parse ] --START--
INFO: [ template_filter ] --START--
INFO: Run Behavior\ContentReplaceBehavior [ RunTime:0.000136s ]
INFO: [ template_filter ] --END-- [ RunTime:0.000284s ]
INFO: Run Behavior\ParseTemplateBehavior [ RunTime:0.012372s ]
INFO: [ view_parse ] --END-- [ RunTime:0.012466s ]
INFO: [ view_filter ] --START--
INFO: Run Behavior\WriteHtmlCacheBehavior [ RunTime:0.000348s ]
INFO: [ view_filter ] --END-- [ RunTime:0.000441s ]
INFO: [ app_end ] --START--
INFO: Run Behavior\ShowPageTraceBehavior [ RunTime:0.000571s ]
INFO: [ app_end ] --END-- [ RunTime:0.000672s ]

[ 2019-07-23T10:46:49+08:00 ] ::1 /index.php/Home/Update/index.html?type_id=2
INFO: [ app_init ] --START--
INFO: Run Behavior\BuildLiteBehavior [ RunTime:0.000030s ]
INFO: [ app_init ] --END-- [ RunTime:0.000597s ]
NOTIC: [8] Constant LOG_PATH already defined D:\phpStudy\PHPTutorial\WWW\approach_client\Application\Home\Conf\config.php 第 24 行.
INFO: [ app_begin ] --START--
INFO: Run Behavior\ReadHtmlCacheBehavior [ RunTime:0.000623s ]
INFO: [ app_begin ] --END-- [ RunTime:0.000718s ]
NOTIC: [2] Missing argument 1 for Home\Model\PackModel::orderByData(), called in D:\phpStudy\PHPTutorial\WWW\approach_client\Application\Home\Model\PackModel.class.php on line 55 and defined D:\phpStudy\PHPTutorial\WWW\approach_client\Application\Home\Model\PackModel.class.php 第 68 行.
NOTIC: [8] Undefined variable: pDataArr D:\phpStudy\PHPTutorial\WWW\approach_client\Application\Home\Model\PackModel.class.php 第 69 行.
INFO: [ view_parse ] --START--
INFO: [ template_filter ] --START--
INFO: Run Behavior\ContentReplaceBehavior [ RunTime:0.000124s ]
INFO: [ template_filter ] --END-- [ RunTime:0.000240s ]
INFO: Run Behavior\ParseTemplateBehavior [ RunTime:0.014139s ]
INFO: [ view_parse ] --END-- [ RunTime:0.014243s ]
INFO: [ view_filter ] --START--
INFO: Run Behavior\WriteHtmlCacheBehavior [ RunTime:0.000337s ]
INFO: [ view_filter ] --END-- [ RunTime:0.000440s ]
INFO: [ app_end ] --START--
INFO: Run Behavior\ShowPageTraceBehavior [ RunTime:0.000480s ]
INFO: [ app_end ] --END-- [ RunTime:0.000546s ]

[ 2019-07-23T10:46:50+08:00 ] ::1 /index.php/Home/Update/index.html?type_id=1
INFO: [ app_init ] --START--
INFO: Run Behavior\BuildLiteBehavior [ RunTime:0.000027s ]
INFO: [ app_init ] --END-- [ RunTime:0.000493s ]
NOTIC: [8] Constant LOG_PATH already defined D:\phpStudy\PHPTutorial\WWW\approach_client\Application\Home\Conf\config.php 第 24 行.
INFO: [ app_begin ] --START--
INFO: Run Behavior\ReadHtmlCacheBehavior [ RunTime:0.000592s ]
INFO: [ app_begin ] --END-- [ RunTime:0.000683s ]
NOTIC: [2] Missing argument 1 for Home\Model\PackModel::orderByData(), called in D:\phpStudy\PHPTutorial\WWW\approach_client\Application\Home\Model\PackModel.class.php on line 55 and defined D:\phpStudy\PHPTutorial\WWW\approach_client\Application\Home\Model\PackModel.class.php 第 68 行.
NOTIC: [8] Undefined variable: pDataArr D:\phpStudy\PHPTutorial\WWW\approach_client\Application\Home\Model\PackModel.class.php 第 69 行.
INFO: [ view_parse ] --START--
INFO: [ template_filter ] --START--
INFO: Run Behavior\ContentReplaceBehavior [ RunTime:0.000123s ]
INFO: [ template_filter ] --END-- [ RunTime:0.000248s ]
INFO: Run Behavior\ParseTemplateBehavior [ RunTime:0.014545s ]
INFO: [ view_parse ] --END-- [ RunTime:0.014646s ]
INFO: [ view_filter ] --START--
INFO: Run Behavior\WriteHtmlCacheBehavior [ RunTime:0.000255s ]
INFO: [ view_filter ] --END-- [ RunTime:0.000314s ]
INFO: [ app_end ] --START--
INFO: Run Behavior\ShowPageTraceBehavior [ RunTime:0.000459s ]
INFO: [ app_end ] --END-- [ RunTime:0.000524s ]

[ 2019-07-23T10:46:51+08:00 ] ::1 /index.php/Home/Update/index.html?type_id=2
INFO: [ app_init ] --START--
INFO: Run Behavior\BuildLiteBehavior [ RunTime:0.000036s ]
INFO: [ app_init ] --END-- [ RunTime:0.000589s ]
NOTIC: [8] Constant LOG_PATH already defined D:\phpStudy\PHPTutorial\WWW\approach_client\Application\Home\Conf\config.php 第 24 行.
INFO: [ app_begin ] --START--
INFO: Run Behavior\ReadHtmlCacheBehavior [ RunTime:0.000702s ]
INFO: [ app_begin ] --END-- [ RunTime:0.000814s ]
NOTIC: [2] Missing argument 1 for Home\Model\PackModel::orderByData(), called in D:\phpStudy\PHPTutorial\WWW\approach_client\Application\Home\Model\PackModel.class.php on line 55 and defined D:\phpStudy\PHPTutorial\WWW\approach_client\Application\Home\Model\PackModel.class.php 第 68 行.
NOTIC: [8] Undefined variable: pDataArr D:\phpStudy\PHPTutorial\WWW\approach_client\Application\Home\Model\PackModel.class.php 第 69 行.
INFO: [ view_parse ] --START--
INFO: [ template_filter ] --START--
INFO: Run Behavior\ContentReplaceBehavior [ RunTime:0.000133s ]
INFO: [ template_filter ] --END-- [ RunTime:0.000289s ]
INFO: Run Behavior\ParseTemplateBehavior [ RunTime:0.014573s ]
INFO: [ view_parse ] --END-- [ RunTime:0.014704s ]
INFO: [ view_filter ] --START--
INFO: Run Behavior\WriteHtmlCacheBehavior [ RunTime:0.000313s ]
INFO: [ view_filter ] --END-- [ RunTime:0.000384s ]
INFO: [ app_end ] --START--
INFO: Run Behavior\ShowPageTraceBehavior [ RunTime:0.000462s ]
INFO: [ app_end ] --END-- [ RunTime:0.000527s ]

[ 2019-07-23T10:46:52+08:00 ] ::1 /index.php/Home/Update/index.html?type_id=1
INFO: [ app_init ] --START--
INFO: Run Behavior\BuildLiteBehavior [ RunTime:0.000030s ]
INFO: [ app_init ] --END-- [ RunTime:0.000564s ]
NOTIC: [8] Constant LOG_PATH already defined D:\phpStudy\PHPTutorial\WWW\approach_client\Application\Home\Conf\config.php 第 24 行.
INFO: [ app_begin ] --START--
INFO: Run Behavior\ReadHtmlCacheBehavior [ RunTime:0.000603s ]
INFO: [ app_begin ] --END-- [ RunTime:0.000695s ]
NOTIC: [2] Missing argument 1 for Home\Model\PackModel::orderByData(), called in D:\phpStudy\PHPTutorial\WWW\approach_client\Application\Home\Model\PackModel.class.php on line 55 and defined D:\phpStudy\PHPTutorial\WWW\approach_client\Application\Home\Model\PackModel.class.php 第 68 行.
NOTIC: [8] Undefined variable: pDataArr D:\phpStudy\PHPTutorial\WWW\approach_client\Application\Home\Model\PackModel.class.php 第 69 行.
INFO: [ view_parse ] --START--
INFO: [ template_filter ] --START--
INFO: Run Behavior\ContentReplaceBehavior [ RunTime:0.000124s ]
INFO: [ template_filter ] --END-- [ RunTime:0.000246s ]
INFO: Run Behavior\ParseTemplateBehavior [ RunTime:0.014038s ]
INFO: [ view_parse ] --END-- [ RunTime:0.014131s ]
INFO: [ view_filter ] --START--
INFO: Run Behavior\WriteHtmlCacheBehavior [ RunTime:0.000312s ]
INFO: [ view_filter ] --END-- [ RunTime:0.000396s ]
INFO: [ app_end ] --START--
INFO: Run Behavior\ShowPageTraceBehavior [ RunTime:0.000589s ]
INFO: [ app_end ] --END-- [ RunTime:0.000678s ]

[ 2019-07-23T10:46:53+08:00 ] ::1 /index.php/Home/Update/index.html?type_id=2
INFO: [ app_init ] --START--
INFO: Run Behavior\BuildLiteBehavior [ RunTime:0.000034s ]
INFO: [ app_init ] --END-- [ RunTime:0.000608s ]
NOTIC: [8] Constant LOG_PATH already defined D:\phpStudy\PHPTutorial\WWW\approach_client\Application\Home\Conf\config.php 第 24 行.
INFO: [ app_begin ] --START--
INFO: Run Behavior\ReadHtmlCacheBehavior [ RunTime:0.000834s ]
INFO: [ app_begin ] --END-- [ RunTime:0.000976s ]
NOTIC: [2] Missing argument 1 for Home\Model\PackModel::orderByData(), called in D:\phpStudy\PHPTutorial\WWW\approach_client\Application\Home\Model\PackModel.class.php on line 55 and defined D:\phpStudy\PHPTutorial\WWW\approach_client\Application\Home\Model\PackModel.class.php 第 68 行.
NOTIC: [8] Undefined variable: pDataArr D:\phpStudy\PHPTutorial\WWW\approach_client\Application\Home\Model\PackModel.class.php 第 69 行.
INFO: [ view_parse ] --START--
INFO: [ template_filter ] --START--
INFO: Run Behavior\ContentReplaceBehavior [ RunTime:0.000089s ]
INFO: [ template_filter ] --END-- [ RunTime:0.000186s ]
INFO: Run Behavior\ParseTemplateBehavior [ RunTime:0.013362s ]
INFO: [ view_parse ] --END-- [ RunTime:0.013495s ]
INFO: [ view_filter ] --START--
INFO: Run Behavior\WriteHtmlCacheBehavior [ RunTime:0.000367s ]
INFO: [ view_filter ] --END-- [ RunTime:0.000465s ]
INFO: [ app_end ] --START--
INFO: Run Behavior\ShowPageTraceBehavior [ RunTime:0.000694s ]
INFO: [ app_end ] --END-- [ RunTime:0.000802s ]

[ 2019-07-23T10:46:54+08:00 ] ::1 /index.php/Home/Update/index.html?type_id=1
INFO: [ app_init ] --START--
INFO: Run Behavior\BuildLiteBehavior [ RunTime:0.000040s ]
INFO: [ app_init ] --END-- [ RunTime:0.000778s ]
NOTIC: [8] Constant LOG_PATH already defined D:\phpStudy\PHPTutorial\WWW\approach_client\Application\Home\Conf\config.php 第 24 行.
INFO: [ app_begin ] --START--
INFO: Run Behavior\ReadHtmlCacheBehavior [ RunTime:0.000781s ]
INFO: [ app_begin ] --END-- [ RunTime:0.000921s ]
NOTIC: [2] Missing argument 1 for Home\Model\PackModel::orderByData(), called in D:\phpStudy\PHPTutorial\WWW\approach_client\Application\Home\Model\PackModel.class.php on line 55 and defined D:\phpStudy\PHPTutorial\WWW\approach_client\Application\Home\Model\PackModel.class.php 第 68 行.
NOTIC: [8] Undefined variable: pDataArr D:\phpStudy\PHPTutorial\WWW\approach_client\Application\Home\Model\PackModel.class.php 第 69 行.
INFO: [ view_parse ] --START--
INFO: [ template_filter ] --START--
INFO: Run Behavior\ContentReplaceBehavior [ RunTime:0.000092s ]
INFO: [ template_filter ] --END-- [ RunTime:0.000196s ]
INFO: Run Behavior\ParseTemplateBehavior [ RunTime:0.012699s ]
INFO: [ view_parse ] --END-- [ RunTime:0.012801s ]
INFO: [ view_filter ] --START--
INFO: Run Behavior\WriteHtmlCacheBehavior [ RunTime:0.000272s ]
INFO: [ view_filter ] --END-- [ RunTime:0.000334s ]
INFO: [ app_end ] --START--
INFO: Run Behavior\ShowPageTraceBehavior [ RunTime:0.000860s ]
INFO: [ app_end ] --END-- [ RunTime:0.001031s ]

[ 2019-07-23T10:46:56+08:00 ] ::1 /index.php/Home/Update/index.html?type_id=2
INFO: [ app_init ] --START--
INFO: Run Behavior\BuildLiteBehavior [ RunTime:0.000028s ]
INFO: [ app_init ] --END-- [ RunTime:0.000521s ]
NOTIC: [8] Constant LOG_PATH already defined D:\phpStudy\PHPTutorial\WWW\approach_client\Application\Home\Conf\config.php 第 24 行.
INFO: [ app_begin ] --START--
INFO: Run Behavior\ReadHtmlCacheBehavior [ RunTime:0.000465s ]
INFO: [ app_begin ] --END-- [ RunTime:0.000533s ]
NOTIC: [2] Missing argument 1 for Home\Model\PackModel::orderByData(), called in D:\phpStudy\PHPTutorial\WWW\approach_client\Application\Home\Model\PackModel.class.php on line 55 and defined D:\phpStudy\PHPTutorial\WWW\approach_client\Application\Home\Model\PackModel.class.php 第 68 行.
NOTIC: [8] Undefined variable: pDataArr D:\phpStudy\PHPTutorial\WWW\approach_client\Application\Home\Model\PackModel.class.php 第 69 行.
INFO: [ view_parse ] --START--
INFO: [ template_filter ] --START--
INFO: Run Behavior\ContentReplaceBehavior [ RunTime:0.000127s ]
INFO: [ template_filter ] --END-- [ RunTime:0.000251s ]
INFO: Run Behavior\ParseTemplateBehavior [ RunTime:0.012850s ]
INFO: [ view_parse ] --END-- [ RunTime:0.012942s ]
INFO: [ view_filter ] --START--
INFO: Run Behavior\WriteHtmlCacheBehavior [ RunTime:0.000312s ]
INFO: [ view_filter ] --END-- [ RunTime:0.000397s ]
INFO: [ app_end ] --START--
INFO: Run Behavior\ShowPageTraceBehavior [ RunTime:0.000589s ]
INFO: [ app_end ] --END-- [ RunTime:0.000680s ]

[ 2019-07-23T10:46:57+08:00 ] ::1 /index.php/Home/Update/index.html?type_id=1
INFO: [ app_init ] --START--
INFO: Run Behavior\BuildLiteBehavior [ RunTime:0.000031s ]
INFO: [ app_init ] --END-- [ RunTime:0.000546s ]
NOTIC: [8] Constant LOG_PATH already defined D:\phpStudy\PHPTutorial\WWW\approach_client\Application\Home\Conf\config.php 第 24 行.
INFO: [ app_begin ] --START--
INFO: Run Behavior\ReadHtmlCacheBehavior [ RunTime:0.000767s ]
INFO: [ app_begin ] --END-- [ RunTime:0.000884s ]
NOTIC: [2] Missing argument 1 for Home\Model\PackModel::orderByData(), called in D:\phpStudy\PHPTutorial\WWW\approach_client\Application\Home\Model\PackModel.class.php on line 55 and defined D:\phpStudy\PHPTutorial\WWW\approach_client\Application\Home\Model\PackModel.class.php 第 68 行.
NOTIC: [8] Undefined variable: pDataArr D:\phpStudy\PHPTutorial\WWW\approach_client\Application\Home\Model\PackModel.class.php 第 69 行.
INFO: [ view_parse ] --START--
INFO: [ template_filter ] --START--
INFO: Run Behavior\ContentReplaceBehavior [ RunTime:0.000144s ]
INFO: [ template_filter ] --END-- [ RunTime:0.000323s ]
INFO: Run Behavior\ParseTemplateBehavior [ RunTime:0.012131s ]
INFO: [ view_parse ] --END-- [ RunTime:0.012226s ]
INFO: [ view_filter ] --START--
INFO: Run Behavior\WriteHtmlCacheBehavior [ RunTime:0.000294s ]
INFO: [ view_filter ] --END-- [ RunTime:0.000360s ]
INFO: [ app_end ] --START--
INFO: Run Behavior\ShowPageTraceBehavior [ RunTime:0.000477s ]
INFO: [ app_end ] --END-- [ RunTime:0.000544s ]

[ 2019-07-23T10:46:58+08:00 ] ::1 /index.php/Home/Update/index.html?type_id=2
INFO: [ app_init ] --START--
INFO: Run Behavior\BuildLiteBehavior [ RunTime:0.000020s ]
INFO: [ app_init ] --END-- [ RunTime:0.000381s ]
NOTIC: [8] Constant LOG_PATH already defined D:\phpStudy\PHPTutorial\WWW\approach_client\Application\Home\Conf\config.php 第 24 行.
INFO: [ app_begin ] --START--
INFO: Run Behavior\ReadHtmlCacheBehavior [ RunTime:0.000440s ]
INFO: [ app_begin ] --END-- [ RunTime:0.000505s ]
NOTIC: [2] Missing argument 1 for Home\Model\PackModel::orderByData(), called in D:\phpStudy\PHPTutorial\WWW\approach_client\Application\Home\Model\PackModel.class.php on line 55 and defined D:\phpStudy\PHPTutorial\WWW\approach_client\Application\Home\Model\PackModel.class.php 第 68 行.
NOTIC: [8] Undefined variable: pDataArr D:\phpStudy\PHPTutorial\WWW\approach_client\Application\Home\Model\PackModel.class.php 第 69 行.
INFO: [ view_parse ] --START--
INFO: [ template_filter ] --START--
INFO: Run Behavior\ContentReplaceBehavior [ RunTime:0.000089s ]
INFO: [ template_filter ] --END-- [ RunTime:0.000180s ]
INFO: Run Behavior\ParseTemplateBehavior [ RunTime:0.011666s ]
INFO: [ view_parse ] --END-- [ RunTime:0.011762s ]
INFO: [ view_filter ] --START--
INFO: Run Behavior\WriteHtmlCacheBehavior [ RunTime:0.000243s ]
INFO: [ view_filter ] --END-- [ RunTime:0.000302s ]
INFO: [ app_end ] --START--
INFO: Run Behavior\ShowPageTraceBehavior [ RunTime:0.000437s ]
INFO: [ app_end ] --END-- [ RunTime:0.000499s ]

[ 2019-07-23T10:46:59+08:00 ] ::1 /index.php/Home/Update/index.html?type_id=1
INFO: [ app_init ] --START--
INFO: Run Behavior\BuildLiteBehavior [ RunTime:0.000032s ]
INFO: [ app_init ] --END-- [ RunTime:0.000573s ]
NOTIC: [8] Constant LOG_PATH already defined D:\phpStudy\PHPTutorial\WWW\approach_client\Application\Home\Conf\config.php 第 24 行.
INFO: [ app_begin ] --START--
INFO: Run Behavior\ReadHtmlCacheBehavior [ RunTime:0.000617s ]
INFO: [ app_begin ] --END-- [ RunTime:0.000709s ]
NOTIC: [2] Missing argument 1 for Home\Model\PackModel::orderByData(), called in D:\phpStudy\PHPTutorial\WWW\approach_client\Application\Home\Model\PackModel.class.php on line 55 and defined D:\phpStudy\PHPTutorial\WWW\approach_client\Application\Home\Model\PackModel.class.php 第 68 行.
NOTIC: [8] Undefined variable: pDataArr D:\phpStudy\PHPTutorial\WWW\approach_client\Application\Home\Model\PackModel.class.php 第 69 行.
INFO: [ view_parse ] --START--
INFO: [ template_filter ] --START--
INFO: Run Behavior\ContentReplaceBehavior [ RunTime:0.000091s ]
INFO: [ template_filter ] --END-- [ RunTime:0.000187s ]
INFO: Run Behavior\ParseTemplateBehavior [ RunTime:0.012514s ]
INFO: [ view_parse ] --END-- [ RunTime:0.012590s ]
INFO: [ view_filter ] --START--
INFO: Run Behavior\WriteHtmlCacheBehavior [ RunTime:0.000253s ]
INFO: [ view_filter ] --END-- [ RunTime:0.000314s ]
INFO: [ app_end ] --START--
INFO: Run Behavior\ShowPageTraceBehavior [ RunTime:0.000621s ]
INFO: [ app_end ] --END-- [ RunTime:0.000722s ]

[ 2019-07-23T10:48:59+08:00 ] ::1 /index.php/Home/Pack/index.html
INFO: [ app_init ] --START--
INFO: Run Behavior\BuildLiteBehavior [ RunTime:0.000022s ]
INFO: [ app_init ] --END-- [ RunTime:0.000451s ]
NOTIC: [8] Constant LOG_PATH already defined D:\phpStudy\PHPTutorial\WWW\approach_client\Application\Home\Conf\config.php 第 24 行.
INFO: [ app_begin ] --START--
INFO: Run Behavior\ReadHtmlCacheBehavior [ RunTime:0.000484s ]
INFO: [ app_begin ] --END-- [ RunTime:0.000555s ]
NOTIC: [2] Missing argument 1 for Home\Model\PackModel::orderByData(), called in D:\phpStudy\PHPTutorial\WWW\approach_client\Application\Home\Model\PackModel.class.php on line 56 and defined D:\phpStudy\PHPTutorial\WWW\approach_client\Application\Home\Model\PackModel.class.php 第 69 行.
NOTIC: [8] Undefined variable: pDataArr D:\phpStudy\PHPTutorial\WWW\approach_client\Application\Home\Model\PackModel.class.php 第 70 行.
INFO: [ view_parse ] --START--
INFO: [ template_filter ] --START--
INFO: Run Behavior\ContentReplaceBehavior [ RunTime:0.000106s ]
INFO: [ template_filter ] --END-- [ RunTime:0.000202s ]
NOTIC: [8] Undefined offset: 2 D:\phpStudy\PHPTutorial\WWW\approach_client\Application\Runtime\Cache\Home\2d4b105cc3f28ce14a5e37983c2cdccc.php 第 85 行.
NOTIC: [8] Undefined offset: 2 D:\phpStudy\PHPTutorial\WWW\approach_client\Application\Runtime\Cache\Home\2d4b105cc3f28ce14a5e37983c2cdccc.php 第 85 行.
NOTIC: [8] Undefined index: relative_path D:\phpStudy\PHPTutorial\WWW\approach_client\Application\Runtime\Cache\Home\2d4b105cc3f28ce14a5e37983c2cdccc.php 第 120 行.
NOTIC: [8] A non well formed numeric value encountered D:\phpStudy\PHPTutorial\WWW\approach_client\Application\Runtime\Cache\Home\2d4b105cc3f28ce14a5e37983c2cdccc.php 第 119 行.
NOTIC: [8] Undefined index: relative_path D:\phpStudy\PHPTutorial\WWW\approach_client\Application\Runtime\Cache\Home\2d4b105cc3f28ce14a5e37983c2cdccc.php 第 120 行.
NOTIC: [8] A non well formed numeric value encountered D:\phpStudy\PHPTutorial\WWW\approach_client\Application\Runtime\Cache\Home\2d4b105cc3f28ce14a5e37983c2cdccc.php 第 119 行.
NOTIC: [8] Undefined index: relative_path D:\phpStudy\PHPTutorial\WWW\approach_client\Application\Runtime\Cache\Home\2d4b105cc3f28ce14a5e37983c2cdccc.php 第 120 行.
INFO: Run Behavior\ParseTemplateBehavior [ RunTime:0.013478s ]
INFO: [ view_parse ] --END-- [ RunTime:0.013601s ]
INFO: [ view_filter ] --START--
INFO: Run Behavior\WriteHtmlCacheBehavior [ RunTime:0.000393s ]
INFO: [ view_filter ] --END-- [ RunTime:0.000475s ]
INFO: [ app_end ] --START--
INFO: Run Behavior\ShowPageTraceBehavior [ RunTime:0.000860s ]
INFO: [ app_end ] --END-- [ RunTime:0.000978s ]

[ 2019-07-23T10:49:05+08:00 ] ::1 /index.php/Home/Pack/dataList.html?type_id=1
INFO: [ app_init ] --START--
INFO: Run Behavior\BuildLiteBehavior [ RunTime:0.000022s ]
INFO: [ app_init ] --END-- [ RunTime:0.000407s ]
NOTIC: [8] Constant LOG_PATH already defined D:\phpStudy\PHPTutorial\WWW\approach_client\Application\Home\Conf\config.php 第 24 行.
INFO: [ app_begin ] --START--
INFO: Run Behavior\ReadHtmlCacheBehavior [ RunTime:0.000477s ]
INFO: [ app_begin ] --END-- [ RunTime:0.000543s ]
NOTIC: [2] Missing argument 1 for Home\Model\PackModel::orderByData(), called in D:\phpStudy\PHPTutorial\WWW\approach_client\Application\Home\Model\PackModel.class.php on line 56 and defined D:\phpStudy\PHPTutorial\WWW\approach_client\Application\Home\Model\PackModel.class.php 第 69 行.
NOTIC: [8] Undefined variable: pDataArr D:\phpStudy\PHPTutorial\WWW\approach_client\Application\Home\Model\PackModel.class.php 第 70 行.
INFO: [ view_parse ] --START--
INFO: [ template_filter ] --START--
INFO: Run Behavior\ContentReplaceBehavior [ RunTime:0.000109s ]
INFO: [ template_filter ] --END-- [ RunTime:0.000210s ]
NOTIC: [8] A non well formed numeric value encountered D:\phpStudy\PHPTutorial\WWW\approach_client\Application\Runtime\Cache\Home\2d4b105cc3f28ce14a5e37983c2cdccc.php 第 119 行.
NOTIC: [8] Undefined index: relative_path D:\phpStudy\PHPTutorial\WWW\approach_client\Application\Runtime\Cache\Home\2d4b105cc3f28ce14a5e37983c2cdccc.php 第 120 行.
INFO: Run Behavior\ParseTemplateBehavior [ RunTime:0.012673s ]
INFO: [ view_parse ] --END-- [ RunTime:0.012769s ]
INFO: [ view_filter ] --START--
INFO: Run Behavior\WriteHtmlCacheBehavior [ RunTime:0.000259s ]
INFO: [ view_filter ] --END-- [ RunTime:0.000317s ]
INFO: [ app_end ] --START--
INFO: Run Behavior\ShowPageTraceBehavior [ RunTime:0.000733s ]
INFO: [ app_end ] --END-- [ RunTime:0.000848s ]

[ 2019-07-23T10:49:07+08:00 ] ::1 /index.php/Home/Pack/dataList.html?type_id=2
INFO: [ app_init ] --START--
INFO: Run Behavior\BuildLiteBehavior [ RunTime:0.000021s ]
INFO: [ app_init ] --END-- [ RunTime:0.000397s ]
NOTIC: [8] Constant LOG_PATH already defined D:\phpStudy\PHPTutorial\WWW\approach_client\Application\Home\Conf\config.php 第 24 行.
INFO: [ app_begin ] --START--
INFO: Run Behavior\ReadHtmlCacheBehavior [ RunTime:0.000766s ]
INFO: [ app_begin ] --END-- [ RunTime:0.000915s ]
NOTIC: [2] Missing argument 1 for Home\Model\PackModel::orderByData(), called in D:\phpStudy\PHPTutorial\WWW\approach_client\Application\Home\Model\PackModel.class.php on line 56 and defined D:\phpStudy\PHPTutorial\WWW\approach_client\Application\Home\Model\PackModel.class.php 第 69 行.
NOTIC: [8] Undefined variable: pDataArr D:\phpStudy\PHPTutorial\WWW\approach_client\Application\Home\Model\PackModel.class.php 第 70 行.
INFO: [ view_parse ] --START--
INFO: [ template_filter ] --START--
INFO: Run Behavior\ContentReplaceBehavior [ RunTime:0.000166s ]
INFO: [ template_filter ] --END-- [ RunTime:0.000317s ]
NOTIC: [8] Undefined index: relative_path D:\phpStudy\PHPTutorial\WWW\approach_client\Application\Runtime\Cache\Home\2d4b105cc3f28ce14a5e37983c2cdccc.php 第 120 行.
NOTIC: [8] A non well formed numeric value encountered D:\phpStudy\PHPTutorial\WWW\approach_client\Application\Runtime\Cache\Home\2d4b105cc3f28ce14a5e37983c2cdccc.php 第 119 行.
NOTIC: [8] Undefined index: relative_path D:\phpStudy\PHPTutorial\WWW\approach_client\Application\Runtime\Cache\Home\2d4b105cc3f28ce14a5e37983c2cdccc.php 第 120 行.
INFO: Run Behavior\ParseTemplateBehavior [ RunTime:0.017834s ]
INFO: [ view_parse ] --END-- [ RunTime:0.017960s ]
INFO: [ view_filter ] --START--
INFO: Run Behavior\WriteHtmlCacheBehavior [ RunTime:0.000366s ]
INFO: [ view_filter ] --END-- [ RunTime:0.000453s ]
INFO: [ app_end ] --START--
INFO: Run Behavior\ShowPageTraceBehavior [ RunTime:0.000653s ]
INFO: [ app_end ] --END-- [ RunTime:0.000753s ]

[ 2019-07-23T10:49:08+08:00 ] ::1 /index.php/Home/Update/index.html
INFO: [ app_init ] --START--
INFO: Run Behavior\BuildLiteBehavior [ RunTime:0.000035s ]
INFO: [ app_init ] --END-- [ RunTime:0.000581s ]
NOTIC: [8] Constant LOG_PATH already defined D:\phpStudy\PHPTutorial\WWW\approach_client\Application\Home\Conf\config.php 第 24 行.
INFO: [ app_begin ] --START--
INFO: Run Behavior\ReadHtmlCacheBehavior [ RunTime:0.000675s ]
INFO: [ app_begin ] --END-- [ RunTime:0.000771s ]
NOTIC: [2] Missing argument 1 for Home\Model\PackModel::orderByData(), called in D:\phpStudy\PHPTutorial\WWW\approach_client\Application\Home\Model\PackModel.class.php on line 56 and defined D:\phpStudy\PHPTutorial\WWW\approach_client\Application\Home\Model\PackModel.class.php 第 69 行.
NOTIC: [8] Undefined variable: pDataArr D:\phpStudy\PHPTutorial\WWW\approach_client\Application\Home\Model\PackModel.class.php 第 70 行.
NOTIC: [2] Missing argument 1 for Home\Model\PackModel::orderByData(), called in D:\phpStudy\PHPTutorial\WWW\approach_client\Application\Home\Model\PackModel.class.php on line 56 and defined D:\phpStudy\PHPTutorial\WWW\approach_client\Application\Home\Model\PackModel.class.php 第 69 行.
NOTIC: [8] Undefined variable: pDataArr D:\phpStudy\PHPTutorial\WWW\approach_client\Application\Home\Model\PackModel.class.php 第 70 行.
NOTIC: [8] Undefined index: add_time D:\phpStudy\PHPTutorial\WWW\approach_client\Application\Home\Model\PackModel.class.php 第 75 行.
NOTIC: [8] Undefined offset: 0 D:\phpStudy\PHPTutorial\WWW\approach_client\Application\Home\Model\PackModel.class.php 第 75 行.
INFO: [ view_parse ] --START--
INFO: [ template_filter ] --START--
INFO: Run Behavior\ContentReplaceBehavior [ RunTime:0.000136s ]
INFO: [ template_filter ] --END-- [ RunTime:0.000265s ]
INFO: Run Behavior\ParseTemplateBehavior [ RunTime:0.015678s ]
INFO: [ view_parse ] --END-- [ RunTime:0.015781s ]
INFO: [ view_filter ] --START--
INFO: Run Behavior\WriteHtmlCacheBehavior [ RunTime:0.000265s ]
INFO: [ view_filter ] --END-- [ RunTime:0.000326s ]
INFO: [ app_end ] --START--
INFO: Run Behavior\ShowPageTraceBehavior [ RunTime:0.000468s ]
INFO: [ app_end ] --END-- [ RunTime:0.000539s ]

[ 2019-07-23T10:49:11+08:00 ] ::1 /index.php/Home/Update/index.html?type_id=2
INFO: [ app_init ] --START--
INFO: Run Behavior\BuildLiteBehavior [ RunTime:0.000027s ]
INFO: [ app_init ] --END-- [ RunTime:0.000490s ]
NOTIC: [8] Constant LOG_PATH already defined D:\phpStudy\PHPTutorial\WWW\approach_client\Application\Home\Conf\config.php 第 24 行.
INFO: [ app_begin ] --START--
INFO: Run Behavior\ReadHtmlCacheBehavior [ RunTime:0.000591s ]
INFO: [ app_begin ] --END-- [ RunTime:0.000682s ]
NOTIC: [2] Missing argument 1 for Home\Model\PackModel::orderByData(), called in D:\phpStudy\PHPTutorial\WWW\approach_client\Application\Home\Model\PackModel.class.php on line 56 and defined D:\phpStudy\PHPTutorial\WWW\approach_client\Application\Home\Model\PackModel.class.php 第 69 行.
NOTIC: [8] Undefined variable: pDataArr D:\phpStudy\PHPTutorial\WWW\approach_client\Application\Home\Model\PackModel.class.php 第 70 行.
NOTIC: [8] Undefined index: add_time D:\phpStudy\PHPTutorial\WWW\approach_client\Application\Home\Model\PackModel.class.php 第 75 行.
NOTIC: [8] Undefined offset: 0 D:\phpStudy\PHPTutorial\WWW\approach_client\Application\Home\Model\PackModel.class.php 第 75 行.
INFO: [ view_parse ] --START--
INFO: [ template_filter ] --START--
INFO: Run Behavior\ContentReplaceBehavior [ RunTime:0.000086s ]
INFO: [ template_filter ] --END-- [ RunTime:0.000180s ]
INFO: Run Behavior\ParseTemplateBehavior [ RunTime:0.013016s ]
INFO: [ view_parse ] --END-- [ RunTime:0.013156s ]
INFO: [ view_filter ] --START--
INFO: Run Behavior\WriteHtmlCacheBehavior [ RunTime:0.000437s ]
INFO: [ view_filter ] --END-- [ RunTime:0.000521s ]
INFO: [ app_end ] --START--
INFO: Run Behavior\ShowPageTraceBehavior [ RunTime:0.000513s ]
INFO: [ app_end ] --END-- [ RunTime:0.000588s ]

[ 2019-07-23T10:49:13+08:00 ] ::1 /index.php/Home/Pack/index.html
INFO: [ app_init ] --START--
INFO: Run Behavior\BuildLiteBehavior [ RunTime:0.000032s ]
INFO: [ app_init ] --END-- [ RunTime:0.000571s ]
NOTIC: [8] Constant LOG_PATH already defined D:\phpStudy\PHPTutorial\WWW\approach_client\Application\Home\Conf\config.php 第 24 行.
INFO: [ app_begin ] --START--
INFO: Run Behavior\ReadHtmlCacheBehavior [ RunTime:0.000732s ]
INFO: [ app_begin ] --END-- [ RunTime:0.000844s ]
NOTIC: [2] Missing argument 1 for Home\Model\PackModel::orderByData(), called in D:\phpStudy\PHPTutorial\WWW\approach_client\Application\Home\Model\PackModel.class.php on line 56 and defined D:\phpStudy\PHPTutorial\WWW\approach_client\Application\Home\Model\PackModel.class.php 第 69 行.
NOTIC: [8] Undefined variable: pDataArr D:\phpStudy\PHPTutorial\WWW\approach_client\Application\Home\Model\PackModel.class.php 第 70 行.
INFO: [ view_parse ] --START--
INFO: [ template_filter ] --START--
INFO: Run Behavior\ContentReplaceBehavior [ RunTime:0.000171s ]
INFO: [ template_filter ] --END-- [ RunTime:0.000327s ]
NOTIC: [8] Undefined offset: 2 D:\phpStudy\PHPTutorial\WWW\approach_client\Application\Runtime\Cache\Home\2d4b105cc3f28ce14a5e37983c2cdccc.php 第 85 行.
NOTIC: [8] Undefined offset: 2 D:\phpStudy\PHPTutorial\WWW\approach_client\Application\Runtime\Cache\Home\2d4b105cc3f28ce14a5e37983c2cdccc.php 第 85 行.
NOTIC: [8] Undefined index: relative_path D:\phpStudy\PHPTutorial\WWW\approach_client\Application\Runtime\Cache\Home\2d4b105cc3f28ce14a5e37983c2cdccc.php 第 120 行.
NOTIC: [8] A non well formed numeric value encountered D:\phpStudy\PHPTutorial\WWW\approach_client\Application\Runtime\Cache\Home\2d4b105cc3f28ce14a5e37983c2cdccc.php 第 119 行.
NOTIC: [8] Undefined index: relative_path D:\phpStudy\PHPTutorial\WWW\approach_client\Application\Runtime\Cache\Home\2d4b105cc3f28ce14a5e37983c2cdccc.php 第 120 行.
NOTIC: [8] A non well formed numeric value encountered D:\phpStudy\PHPTutorial\WWW\approach_client\Application\Runtime\Cache\Home\2d4b105cc3f28ce14a5e37983c2cdccc.php 第 119 行.
NOTIC: [8] Undefined index: relative_path D:\phpStudy\PHPTutorial\WWW\approach_client\Application\Runtime\Cache\Home\2d4b105cc3f28ce14a5e37983c2cdccc.php 第 120 行.
INFO: Run Behavior\ParseTemplateBehavior [ RunTime:0.019543s ]
INFO: [ view_parse ] --END-- [ RunTime:0.019687s ]
INFO: [ view_filter ] --START--
INFO: Run Behavior\WriteHtmlCacheBehavior [ RunTime:0.000437s ]
INFO: [ view_filter ] --END-- [ RunTime:0.000538s ]
INFO: [ app_end ] --START--
INFO: Run Behavior\ShowPageTraceBehavior [ RunTime:0.001182s ]
INFO: [ app_end ] --END-- [ RunTime:0.001336s ]

[ 2019-07-23T10:49:14+08:00 ] ::1 /index.php/Home/Update/index.html
INFO: [ app_init ] --START--
INFO: Run Behavior\BuildLiteBehavior [ RunTime:0.000035s ]
INFO: [ app_init ] --END-- [ RunTime:0.000604s ]
NOTIC: [8] Constant LOG_PATH already defined D:\phpStudy\PHPTutorial\WWW\approach_client\Application\Home\Conf\config.php 第 24 行.
INFO: [ app_begin ] --START--
INFO: Run Behavior\ReadHtmlCacheBehavior [ RunTime:0.000624s ]
INFO: [ app_begin ] --END-- [ RunTime:0.000719s ]
NOTIC: [2] Missing argument 1 for Home\Model\PackModel::orderByData(), called in D:\phpStudy\PHPTutorial\WWW\approach_client\Application\Home\Model\PackModel.class.php on line 56 and defined D:\phpStudy\PHPTutorial\WWW\approach_client\Application\Home\Model\PackModel.class.php 第 69 行.
NOTIC: [8] Undefined variable: pDataArr D:\phpStudy\PHPTutorial\WWW\approach_client\Application\Home\Model\PackModel.class.php 第 70 行.
NOTIC: [2] Missing argument 1 for Home\Model\PackModel::orderByData(), called in D:\phpStudy\PHPTutorial\WWW\approach_client\Application\Home\Model\PackModel.class.php on line 56 and defined D:\phpStudy\PHPTutorial\WWW\approach_client\Application\Home\Model\PackModel.class.php 第 69 行.
NOTIC: [8] Undefined variable: pDataArr D:\phpStudy\PHPTutorial\WWW\approach_client\Application\Home\Model\PackModel.class.php 第 70 行.
NOTIC: [8] Undefined index: add_time D:\phpStudy\PHPTutorial\WWW\approach_client\Application\Home\Model\PackModel.class.php 第 75 行.
NOTIC: [8] Undefined offset: 0 D:\phpStudy\PHPTutorial\WWW\approach_client\Application\Home\Model\PackModel.class.php 第 75 行.
INFO: [ view_parse ] --START--
INFO: [ template_filter ] --START--
INFO: Run Behavior\ContentReplaceBehavior [ RunTime:0.000089s ]
INFO: [ template_filter ] --END-- [ RunTime:0.000190s ]
INFO: Run Behavior\ParseTemplateBehavior [ RunTime:0.011236s ]
INFO: [ view_parse ] --END-- [ RunTime:0.011315s ]
INFO: [ view_filter ] --START--
INFO: Run Behavior\WriteHtmlCacheBehavior [ RunTime:0.000265s ]
INFO: [ view_filter ] --END-- [ RunTime:0.000325s ]
INFO: [ app_end ] --START--
INFO: Run Behavior\ShowPageTraceBehavior [ RunTime:0.000473s ]
INFO: [ app_end ] --END-- [ RunTime:0.000537s ]

