[ 2019-08-16T10:11:32+08:00 ] ::1 /index.php/Home/Index/main.html
INFO: [ app_init ] --START--
INFO: Run Behavior\BuildLiteBehavior [ RunTime:0.000022s ]
INFO: [ app_init ] --END-- [ RunTime:0.000447s ]
INFO: [ app_begin ] --START--
INFO: Run Behavior\ReadHtmlCacheBehavior [ RunTime:0.000546s ]
INFO: [ app_begin ] --END-- [ RunTime:0.000623s ]
INFO: [ view_parse ] --START--
INFO: [ template_filter ] --START--
INFO: Run Behavior\ContentReplaceBehavior [ RunTime:0.000068s ]
INFO: [ template_filter ] --END-- [ RunTime:0.000188s ]
INFO: Run Behavior\ParseTemplateBehavior [ RunTime:0.033293s ]
INFO: [ view_parse ] --END-- [ RunTime:0.033470s ]
INFO: [ view_filter ] --START--
INFO: Run Behavior\WriteHtmlCacheBehavior [ RunTime:0.000629s ]
INFO: [ view_filter ] --END-- [ RunTime:0.000734s ]
INFO: [ app_end ] --START--
INFO: Run Behavior\ShowPageTraceBehavior [ RunTime:0.000727s ]
INFO: [ app_end ] --END-- [ RunTime:0.000818s ]

[ 2019-08-16T10:11:33+08:00 ] ::1 /index.php/Home/Index/top.html
INFO: [ app_init ] --START--
INFO: Run Behavior\BuildLiteBehavior [ RunTime:0.000022s ]
INFO: [ app_init ] --END-- [ RunTime:0.000501s ]
INFO: [ app_begin ] --START--
INFO: Run Behavior\ReadHtmlCacheBehavior [ RunTime:0.000634s ]
INFO: [ app_begin ] --END-- [ RunTime:0.000743s ]
INFO: [ view_parse ] --START--
INFO: [ template_filter ] --START--
INFO: Run Behavior\ContentReplaceBehavior [ RunTime:0.000098s ]
INFO: [ template_filter ] --END-- [ RunTime:0.000403s ]
INFO: Run Behavior\ParseTemplateBehavior [ RunTime:0.032060s ]
INFO: [ view_parse ] --END-- [ RunTime:0.032178s ]
INFO: [ view_filter ] --START--
INFO: Run Behavior\WriteHtmlCacheBehavior [ RunTime:0.000348s ]
INFO: [ view_filter ] --END-- [ RunTime:0.000415s ]
INFO: [ app_end ] --START--
INFO: Run Behavior\ShowPageTraceBehavior [ RunTime:0.000479s ]
INFO: [ app_end ] --END-- [ RunTime:0.000546s ]

[ 2019-08-16T10:11:34+08:00 ] ::1 /index.php/Home/Index/left.html
INFO: [ app_init ] --START--
INFO: Run Behavior\BuildLiteBehavior [ RunTime:0.000029s ]
INFO: [ app_init ] --END-- [ RunTime:0.000533s ]
INFO: [ app_begin ] --START--
INFO: Run Behavior\ReadHtmlCacheBehavior [ RunTime:0.000796s ]
INFO: [ app_begin ] --END-- [ RunTime:0.000937s ]
INFO: [ view_parse ] --START--
INFO: [ template_filter ] --START--
INFO: Run Behavior\ContentReplaceBehavior [ RunTime:0.000099s ]
INFO: [ template_filter ] --END-- [ RunTime:0.000268s ]
INFO: Run Behavior\ParseTemplateBehavior [ RunTime:0.033615s ]
INFO: [ view_parse ] --END-- [ RunTime:0.033763s ]
INFO: [ view_filter ] --START--
INFO: Run Behavior\WriteHtmlCacheBehavior [ RunTime:0.000449s ]
INFO: [ view_filter ] --END-- [ RunTime:0.000548s ]
INFO: [ app_end ] --START--
INFO: Run Behavior\ShowPageTraceBehavior [ RunTime:0.000856s ]
INFO: [ app_end ] --END-- [ RunTime:0.000991s ]

[ 2019-08-16T10:11:34+08:00 ] ::1 /index.php/Home/Update/index
INFO: [ app_init ] --START--
INFO: Run Behavior\BuildLiteBehavior [ RunTime:0.000024s ]
INFO: [ app_init ] --END-- [ RunTime:0.000465s ]
INFO: [ app_begin ] --START--
INFO: Run Behavior\ReadHtmlCacheBehavior [ RunTime:0.001210s ]
INFO: [ app_begin ] --END-- [ RunTime:0.001357s ]
NOTIC: [8] Undefined index: add_time D:\phpStudy\PHPTutorial\WWW\approach_client\Application\Home\Model\PackModel.class.php 第 73 行.
NOTIC: [8] Undefined offset: 0 D:\phpStudy\PHPTutorial\WWW\approach_client\Application\Home\Model\PackModel.class.php 第 73 行.
NOTIC: [2048] Non-static method Home\Supply\File\FileBase::checkFile() should not be called statically, assuming $this from incompatible context D:\phpStudy\PHPTutorial\WWW\approach_client\Application\Home\Service\Update\UpdateParentService.class.php 第 24 行.
NOTIC: [2048] Non-static method Home\Supply\File\FileBase::readFile() should not be called statically, assuming $this from incompatible context D:\phpStudy\PHPTutorial\WWW\approach_client\Application\Home\Service\Update\UpdateParentService.class.php 第 39 行.
NOTIC: [2048] Non-static method Home\Supply\File\FileBase::checkAllFile() should not be called statically, assuming $this from incompatible context D:\phpStudy\PHPTutorial\WWW\approach_client\Application\Home\Service\Restore\RestoreParentService.class.php 第 44 行.
INFO: [ view_parse ] --START--
INFO: [ template_filter ] --START--
INFO: Run Behavior\ContentReplaceBehavior [ RunTime:0.000117s ]
INFO: [ template_filter ] --END-- [ RunTime:0.000212s ]
NOTIC: [8] Undefined variable: backuplist D:\phpStudy\PHPTutorial\WWW\approach_client\Application\Runtime\Cache\Home\576d5f8398b296757fe584e4732da22b.php 第 159 行.
NOTIC: [8] Undefined variable: backuplist D:\phpStudy\PHPTutorial\WWW\approach_client\Application\Runtime\Cache\Home\576d5f8398b296757fe584e4732da22b.php 第 165 行.
NOTIC: [2] Invalid argument supplied for foreach() D:\phpStudy\PHPTutorial\WWW\approach_client\Application\Runtime\Cache\Home\576d5f8398b296757fe584e4732da22b.php 第 165 行.
INFO: Run Behavior\ParseTemplateBehavior [ RunTime:0.087714s ]
INFO: [ view_parse ] --END-- [ RunTime:0.087797s ]
INFO: [ view_filter ] --START--
INFO: Run Behavior\WriteHtmlCacheBehavior [ RunTime:0.000377s ]
INFO: [ view_filter ] --END-- [ RunTime:0.000440s ]
INFO: [ app_end ] --START--
INFO: Run Behavior\ShowPageTraceBehavior [ RunTime:0.000916s ]
INFO: [ app_end ] --END-- [ RunTime:0.001018s ]

