[ 2019-07-19T10:20:03+08:00 ] ::1 /index.php/FileUpdate/Index/index.html
INFO: [ app_init ] --START--
INFO: Run Behavior\BuildLiteBehavior [ RunTime:0.000028s ]
INFO: [ app_init ] --END-- [ RunTime:0.000565s ]
ERR: 无法加载模块:FileUpdate

[ 2019-07-19T10:23:36+08:00 ] ::1 /index.php/FileUpdate/Index/index.html
INFO: [ app_init ] --START--
INFO: Run Behavior\BuildLiteBehavior [ RunTime:0.000028s ]
INFO: [ app_init ] --END-- [ RunTime:0.000565s ]
ERR: 无法加载模块:FileUpdate

[ 2019-07-19T10:23:39+08:00 ] ::1 /index.php/FileUpdate/Pack/index.html
INFO: [ app_init ] --START--
INFO: Run Behavior\BuildLiteBehavior [ RunTime:0.000029s ]
INFO: [ app_init ] --END-- [ RunTime:0.000493s ]
ERR: 无法加载模块:FileUpdate

[ 2019-07-19T10:23:40+08:00 ] ::1 /index.php/FileUpdate/Index/index.html
INFO: [ app_init ] --START--
INFO: Run Behavior\BuildLiteBehavior [ RunTime:0.000036s ]
INFO: [ app_init ] --END-- [ RunTime:0.000600s ]
ERR: 无法加载模块:FileUpdate

[ 2019-07-19T10:36:45+08:00 ] 127.0.0.1 /index.php/FileUpdate/Index/index.html
INFO: [ app_init ] --START--
INFO: Run Behavior\BuildLiteBehavior [ RunTime:0.000036s ]
INFO: [ app_init ] --END-- [ RunTime:0.000578s ]
ERR: 无法加载模块:FileUpdate

[ 2019-07-19T10:36:46+08:00 ] 127.0.0.1 /index.php/FileUpdate/Pack/index.html
INFO: [ app_init ] --START--
INFO: Run Behavior\BuildLiteBehavior [ RunTime:0.000037s ]
INFO: [ app_init ] --END-- [ RunTime:0.000677s ]
ERR: 无法加载模块:FileUpdate

[ 2019-07-19T10:36:47+08:00 ] 127.0.0.1 /index.php/FileUpdate/Index/index.html
INFO: [ app_init ] --START--
INFO: Run Behavior\BuildLiteBehavior [ RunTime:0.000023s ]
INFO: [ app_init ] --END-- [ RunTime:0.000441s ]
ERR: 无法加载模块:FileUpdate

[ 2019-07-19T10:36:47+08:00 ] 127.0.0.1 /index.php/FileUpdate/Pack/index.html
INFO: [ app_init ] --START--
INFO: Run Behavior\BuildLiteBehavior [ RunTime:0.000036s ]
INFO: [ app_init ] --END-- [ RunTime:0.000741s ]
ERR: 无法加载模块:FileUpdate

[ 2019-07-19T10:37:20+08:00 ] 127.0.0.1 /index.php/FileUpdate/Index/index.html
INFO: [ app_init ] --START--
INFO: Run Behavior\BuildLiteBehavior [ RunTime:0.000032s ]
INFO: [ app_init ] --END-- [ RunTime:0.000558s ]
ERR: 无法加载模块:FileUpdate

[ 2019-07-19T10:37:21+08:00 ] 127.0.0.1 /index.php/FileUpdate/Pack/index.html
INFO: [ app_init ] --START--
INFO: Run Behavior\BuildLiteBehavior [ RunTime:0.000035s ]
INFO: [ app_init ] --END-- [ RunTime:0.000768s ]
ERR: 无法加载模块:FileUpdate

