[ 2019-07-19T10:08:27+08:00 ] ::1 /index.php/FileUpdate/Index/index.html
INFO: [ app_init ] --START--
INFO: Run Behavior\BuildLiteBehavior [ RunTime:0.000046s ]
INFO: [ app_init ] --END-- [ RunTime:0.001187s ]
NOTIC: [8] Constant LOG_PATH already defined D:\phpStudy\PHPTutorial\WWW\approach_client\Application\FileUpdate\Conf\config.php 第 24 行.
INFO: [ app_begin ] --START--
INFO: Run Behavior\ReadHtmlCacheBehavior [ RunTime:0.001326s ]
INFO: [ app_begin ] --END-- [ RunTime:0.001519s ]
INFO: [ view_parse ] --START--
INFO: [ template_filter ] --START--
INFO: Run Behavior\ContentReplaceBehavior [ RunTime:0.000159s ]
INFO: [ template_filter ] --END-- [ RunTime:0.000317s ]
INFO: Run Behavior\ParseTemplateBehavior [ RunTime:0.020317s ]
INFO: [ view_parse ] --END-- [ RunTime:0.020463s ]
INFO: [ view_filter ] --START--
INFO: Run Behavior\WriteHtmlCacheBehavior [ RunTime:0.000465s ]
INFO: [ view_filter ] --END-- [ RunTime:0.000579s ]
INFO: [ app_end ] --START--
INFO: Run Behavior\ShowPageTraceBehavior [ RunTime:0.000922s ]
INFO: [ app_end ] --END-- [ RunTime:0.001074s ]

[ 2019-07-19T10:08:28+08:00 ] ::1 /index.php/FileUpdate/Pack/index.html
INFO: [ app_init ] --START--
INFO: Run Behavior\BuildLiteBehavior [ RunTime:0.000033s ]
INFO: [ app_init ] --END-- [ RunTime:0.000603s ]
NOTIC: [8] Constant LOG_PATH already defined D:\phpStudy\PHPTutorial\WWW\approach_client\Application\FileUpdate\Conf\config.php 第 24 行.
INFO: [ app_begin ] --START--
INFO: Run Behavior\ReadHtmlCacheBehavior [ RunTime:0.000741s ]
INFO: [ app_begin ] --END-- [ RunTime:0.000857s ]
INFO: [ view_parse ] --START--
INFO: [ template_filter ] --START--
INFO: Run Behavior\ContentReplaceBehavior [ RunTime:0.000130s ]
INFO: [ template_filter ] --END-- [ RunTime:0.000270s ]
NOTIC: [8] Undefined offset: 2 D:\phpStudy\PHPTutorial\WWW\approach_client\Application\Runtime\Cache\FileUpdate\6494a70a0228b83f2b8f516981417dec.php 第 87 行.
NOTIC: [8] Undefined offset: 2 D:\phpStudy\PHPTutorial\WWW\approach_client\Application\Runtime\Cache\FileUpdate\6494a70a0228b83f2b8f516981417dec.php 第 87 行.
NOTIC: [8] A non well formed numeric value encountered D:\phpStudy\PHPTutorial\WWW\approach_client\Application\Runtime\Cache\FileUpdate\6494a70a0228b83f2b8f516981417dec.php 第 147 行.
NOTIC: [8] Undefined index: relative_path D:\phpStudy\PHPTutorial\WWW\approach_client\Application\Runtime\Cache\FileUpdate\6494a70a0228b83f2b8f516981417dec.php 第 148 行.
NOTIC: [8] A non well formed numeric value encountered D:\phpStudy\PHPTutorial\WWW\approach_client\Application\Runtime\Cache\FileUpdate\6494a70a0228b83f2b8f516981417dec.php 第 147 行.
NOTIC: [8] Undefined index: relative_path D:\phpStudy\PHPTutorial\WWW\approach_client\Application\Runtime\Cache\FileUpdate\6494a70a0228b83f2b8f516981417dec.php 第 148 行.
NOTIC: [8] Undefined index: relative_path D:\phpStudy\PHPTutorial\WWW\approach_client\Application\Runtime\Cache\FileUpdate\6494a70a0228b83f2b8f516981417dec.php 第 148 行.
INFO: Run Behavior\ParseTemplateBehavior [ RunTime:0.101702s ]
INFO: [ view_parse ] --END-- [ RunTime:0.101852s ]
INFO: [ view_filter ] --START--
INFO: Run Behavior\WriteHtmlCacheBehavior [ RunTime:0.000434s ]
INFO: [ view_filter ] --END-- [ RunTime:0.000547s ]
INFO: [ app_end ] --START--
INFO: Run Behavior\ShowPageTraceBehavior [ RunTime:0.000810s ]
INFO: [ app_end ] --END-- [ RunTime:0.000945s ]

[ 2019-07-19T10:08:29+08:00 ] ::1 /index.php/FileUpdate/Index/index.html
INFO: [ app_init ] --START--
INFO: Run Behavior\BuildLiteBehavior [ RunTime:0.000024s ]
INFO: [ app_init ] --END-- [ RunTime:0.000450s ]
NOTIC: [8] Constant LOG_PATH already defined D:\phpStudy\PHPTutorial\WWW\approach_client\Application\FileUpdate\Conf\config.php 第 24 行.
INFO: [ app_begin ] --START--
INFO: Run Behavior\ReadHtmlCacheBehavior [ RunTime:0.000530s ]
INFO: [ app_begin ] --END-- [ RunTime:0.000609s ]
INFO: [ view_parse ] --START--
INFO: [ template_filter ] --START--
INFO: Run Behavior\ContentReplaceBehavior [ RunTime:0.000157s ]
INFO: [ template_filter ] --END-- [ RunTime:0.000321s ]
INFO: Run Behavior\ParseTemplateBehavior [ RunTime:0.015151s ]
INFO: [ view_parse ] --END-- [ RunTime:0.015271s ]
INFO: [ view_filter ] --START--
INFO: Run Behavior\WriteHtmlCacheBehavior [ RunTime:0.000390s ]
INFO: [ view_filter ] --END-- [ RunTime:0.000491s ]
INFO: [ app_end ] --START--
INFO: Run Behavior\ShowPageTraceBehavior [ RunTime:0.000718s ]
INFO: [ app_end ] --END-- [ RunTime:0.000827s ]

[ 2019-07-19T10:08:30+08:00 ] ::1 /index.php/FileUpdate/Pack/index.html
INFO: [ app_init ] --START--
INFO: Run Behavior\BuildLiteBehavior [ RunTime:0.000032s ]
INFO: [ app_init ] --END-- [ RunTime:0.000586s ]
NOTIC: [8] Constant LOG_PATH already defined D:\phpStudy\PHPTutorial\WWW\approach_client\Application\FileUpdate\Conf\config.php 第 24 行.
INFO: [ app_begin ] --START--
INFO: Run Behavior\ReadHtmlCacheBehavior [ RunTime:0.000725s ]
INFO: [ app_begin ] --END-- [ RunTime:0.000837s ]
INFO: [ view_parse ] --START--
INFO: [ template_filter ] --START--
INFO: Run Behavior\ContentReplaceBehavior [ RunTime:0.000114s ]
INFO: [ template_filter ] --END-- [ RunTime:0.000220s ]
NOTIC: [8] Undefined offset: 2 D:\phpStudy\PHPTutorial\WWW\approach_client\Application\Runtime\Cache\FileUpdate\6494a70a0228b83f2b8f516981417dec.php 第 87 行.
NOTIC: [8] Undefined offset: 2 D:\phpStudy\PHPTutorial\WWW\approach_client\Application\Runtime\Cache\FileUpdate\6494a70a0228b83f2b8f516981417dec.php 第 87 行.
NOTIC: [8] A non well formed numeric value encountered D:\phpStudy\PHPTutorial\WWW\approach_client\Application\Runtime\Cache\FileUpdate\6494a70a0228b83f2b8f516981417dec.php 第 147 行.
NOTIC: [8] Undefined index: relative_path D:\phpStudy\PHPTutorial\WWW\approach_client\Application\Runtime\Cache\FileUpdate\6494a70a0228b83f2b8f516981417dec.php 第 148 行.
NOTIC: [8] A non well formed numeric value encountered D:\phpStudy\PHPTutorial\WWW\approach_client\Application\Runtime\Cache\FileUpdate\6494a70a0228b83f2b8f516981417dec.php 第 147 行.
NOTIC: [8] Undefined index: relative_path D:\phpStudy\PHPTutorial\WWW\approach_client\Application\Runtime\Cache\FileUpdate\6494a70a0228b83f2b8f516981417dec.php 第 148 行.
NOTIC: [8] Undefined index: relative_path D:\phpStudy\PHPTutorial\WWW\approach_client\Application\Runtime\Cache\FileUpdate\6494a70a0228b83f2b8f516981417dec.php 第 148 行.
INFO: Run Behavior\ParseTemplateBehavior [ RunTime:0.086538s ]
INFO: [ view_parse ] --END-- [ RunTime:0.086670s ]
INFO: [ view_filter ] --START--
INFO: Run Behavior\WriteHtmlCacheBehavior [ RunTime:0.000483s ]
INFO: [ view_filter ] --END-- [ RunTime:0.000556s ]
INFO: [ app_end ] --START--
INFO: Run Behavior\ShowPageTraceBehavior [ RunTime:0.000765s ]
INFO: [ app_end ] --END-- [ RunTime:0.000888s ]

[ 2019-07-19T10:08:30+08:00 ] ::1 /index.php/FileUpdate/Index/index.html
INFO: [ app_init ] --START--
INFO: Run Behavior\BuildLiteBehavior [ RunTime:0.000033s ]
INFO: [ app_init ] --END-- [ RunTime:0.000604s ]
NOTIC: [8] Constant LOG_PATH already defined D:\phpStudy\PHPTutorial\WWW\approach_client\Application\FileUpdate\Conf\config.php 第 24 行.
INFO: [ app_begin ] --START--
INFO: Run Behavior\ReadHtmlCacheBehavior [ RunTime:0.000730s ]
INFO: [ app_begin ] --END-- [ RunTime:0.000845s ]
INFO: [ view_parse ] --START--
INFO: [ template_filter ] --START--
INFO: Run Behavior\ContentReplaceBehavior [ RunTime:0.000151s ]
INFO: [ template_filter ] --END-- [ RunTime:0.000291s ]
INFO: Run Behavior\ParseTemplateBehavior [ RunTime:0.016436s ]
INFO: [ view_parse ] --END-- [ RunTime:0.016559s ]
INFO: [ view_filter ] --START--
INFO: Run Behavior\WriteHtmlCacheBehavior [ RunTime:0.000323s ]
INFO: [ view_filter ] --END-- [ RunTime:0.000408s ]
INFO: [ app_end ] --START--
INFO: Run Behavior\ShowPageTraceBehavior [ RunTime:0.000530s ]
INFO: [ app_end ] --END-- [ RunTime:0.000606s ]

[ 2019-07-19T10:08:31+08:00 ] ::1 /index.php/FileUpdate/Pack/index.html
INFO: [ app_init ] --START--
INFO: Run Behavior\BuildLiteBehavior [ RunTime:0.000024s ]
INFO: [ app_init ] --END-- [ RunTime:0.000449s ]
NOTIC: [8] Constant LOG_PATH already defined D:\phpStudy\PHPTutorial\WWW\approach_client\Application\FileUpdate\Conf\config.php 第 24 行.
INFO: [ app_begin ] --START--
INFO: Run Behavior\ReadHtmlCacheBehavior [ RunTime:0.000536s ]
INFO: [ app_begin ] --END-- [ RunTime:0.000617s ]
INFO: [ view_parse ] --START--
INFO: [ template_filter ] --START--
INFO: Run Behavior\ContentReplaceBehavior [ RunTime:0.000115s ]
INFO: [ template_filter ] --END-- [ RunTime:0.000222s ]
NOTIC: [8] Undefined offset: 2 D:\phpStudy\PHPTutorial\WWW\approach_client\Application\Runtime\Cache\FileUpdate\6494a70a0228b83f2b8f516981417dec.php 第 87 行.
NOTIC: [8] Undefined offset: 2 D:\phpStudy\PHPTutorial\WWW\approach_client\Application\Runtime\Cache\FileUpdate\6494a70a0228b83f2b8f516981417dec.php 第 87 行.
NOTIC: [8] A non well formed numeric value encountered D:\phpStudy\PHPTutorial\WWW\approach_client\Application\Runtime\Cache\FileUpdate\6494a70a0228b83f2b8f516981417dec.php 第 147 行.
NOTIC: [8] Undefined index: relative_path D:\phpStudy\PHPTutorial\WWW\approach_client\Application\Runtime\Cache\FileUpdate\6494a70a0228b83f2b8f516981417dec.php 第 148 行.
NOTIC: [8] A non well formed numeric value encountered D:\phpStudy\PHPTutorial\WWW\approach_client\Application\Runtime\Cache\FileUpdate\6494a70a0228b83f2b8f516981417dec.php 第 147 行.
NOTIC: [8] Undefined index: relative_path D:\phpStudy\PHPTutorial\WWW\approach_client\Application\Runtime\Cache\FileUpdate\6494a70a0228b83f2b8f516981417dec.php 第 148 行.
NOTIC: [8] Undefined index: relative_path D:\phpStudy\PHPTutorial\WWW\approach_client\Application\Runtime\Cache\FileUpdate\6494a70a0228b83f2b8f516981417dec.php 第 148 行.
INFO: Run Behavior\ParseTemplateBehavior [ RunTime:0.083696s ]
INFO: [ view_parse ] --END-- [ RunTime:0.083804s ]
INFO: [ view_filter ] --START--
INFO: Run Behavior\WriteHtmlCacheBehavior [ RunTime:0.000307s ]
INFO: [ view_filter ] --END-- [ RunTime:0.000377s ]
INFO: [ app_end ] --START--
INFO: Run Behavior\ShowPageTraceBehavior [ RunTime:0.000752s ]
INFO: [ app_end ] --END-- [ RunTime:0.000871s ]

[ 2019-07-19T10:08:33+08:00 ] ::1 /index.php/FileUpdate/Index/index.html
INFO: [ app_init ] --START--
INFO: Run Behavior\BuildLiteBehavior [ RunTime:0.000023s ]
INFO: [ app_init ] --END-- [ RunTime:0.000436s ]
NOTIC: [8] Constant LOG_PATH already defined D:\phpStudy\PHPTutorial\WWW\approach_client\Application\FileUpdate\Conf\config.php 第 24 行.
INFO: [ app_begin ] --START--
INFO: Run Behavior\ReadHtmlCacheBehavior [ RunTime:0.000523s ]
INFO: [ app_begin ] --END-- [ RunTime:0.000603s ]
INFO: [ view_parse ] --START--
INFO: [ template_filter ] --START--
INFO: Run Behavior\ContentReplaceBehavior [ RunTime:0.000152s ]
INFO: [ template_filter ] --END-- [ RunTime:0.000291s ]
INFO: Run Behavior\ParseTemplateBehavior [ RunTime:0.016998s ]
INFO: [ view_parse ] --END-- [ RunTime:0.017152s ]
INFO: [ view_filter ] --START--
INFO: Run Behavior\WriteHtmlCacheBehavior [ RunTime:0.000391s ]
INFO: [ view_filter ] --END-- [ RunTime:0.000494s ]
INFO: [ app_end ] --START--
INFO: Run Behavior\ShowPageTraceBehavior [ RunTime:0.000713s ]
INFO: [ app_end ] --END-- [ RunTime:0.000822s ]

[ 2019-07-19T10:08:33+08:00 ] ::1 /index.php/FileUpdate/Pack/index.html
INFO: [ app_init ] --START--
INFO: Run Behavior\BuildLiteBehavior [ RunTime:0.000025s ]
INFO: [ app_init ] --END-- [ RunTime:0.000460s ]
NOTIC: [8] Constant LOG_PATH already defined D:\phpStudy\PHPTutorial\WWW\approach_client\Application\FileUpdate\Conf\config.php 第 24 行.
INFO: [ app_begin ] --START--
INFO: Run Behavior\ReadHtmlCacheBehavior [ RunTime:0.000544s ]
INFO: [ app_begin ] --END-- [ RunTime:0.000628s ]
INFO: [ view_parse ] --START--
INFO: [ template_filter ] --START--
INFO: Run Behavior\ContentReplaceBehavior [ RunTime:0.000177s ]
INFO: [ template_filter ] --END-- [ RunTime:0.000332s ]
NOTIC: [8] Undefined offset: 2 D:\phpStudy\PHPTutorial\WWW\approach_client\Application\Runtime\Cache\FileUpdate\6494a70a0228b83f2b8f516981417dec.php 第 87 行.
NOTIC: [8] Undefined offset: 2 D:\phpStudy\PHPTutorial\WWW\approach_client\Application\Runtime\Cache\FileUpdate\6494a70a0228b83f2b8f516981417dec.php 第 87 行.
NOTIC: [8] A non well formed numeric value encountered D:\phpStudy\PHPTutorial\WWW\approach_client\Application\Runtime\Cache\FileUpdate\6494a70a0228b83f2b8f516981417dec.php 第 147 行.
NOTIC: [8] Undefined index: relative_path D:\phpStudy\PHPTutorial\WWW\approach_client\Application\Runtime\Cache\FileUpdate\6494a70a0228b83f2b8f516981417dec.php 第 148 行.
NOTIC: [8] A non well formed numeric value encountered D:\phpStudy\PHPTutorial\WWW\approach_client\Application\Runtime\Cache\FileUpdate\6494a70a0228b83f2b8f516981417dec.php 第 147 行.
NOTIC: [8] Undefined index: relative_path D:\phpStudy\PHPTutorial\WWW\approach_client\Application\Runtime\Cache\FileUpdate\6494a70a0228b83f2b8f516981417dec.php 第 148 行.
NOTIC: [8] Undefined index: relative_path D:\phpStudy\PHPTutorial\WWW\approach_client\Application\Runtime\Cache\FileUpdate\6494a70a0228b83f2b8f516981417dec.php 第 148 行.
INFO: Run Behavior\ParseTemplateBehavior [ RunTime:0.094781s ]
INFO: [ view_parse ] --END-- [ RunTime:0.094938s ]
INFO: [ view_filter ] --START--
INFO: Run Behavior\WriteHtmlCacheBehavior [ RunTime:0.000346s ]
INFO: [ view_filter ] --END-- [ RunTime:0.000418s ]
INFO: [ app_end ] --START--
INFO: Run Behavior\ShowPageTraceBehavior [ RunTime:0.002728s ]
INFO: [ app_end ] --END-- [ RunTime:0.002904s ]

[ 2019-07-19T10:08:34+08:00 ] ::1 /index.php/FileUpdate/Index/index.html
INFO: [ app_init ] --START--
INFO: Run Behavior\BuildLiteBehavior [ RunTime:0.000032s ]
INFO: [ app_init ] --END-- [ RunTime:0.000609s ]
NOTIC: [8] Constant LOG_PATH already defined D:\phpStudy\PHPTutorial\WWW\approach_client\Application\FileUpdate\Conf\config.php 第 24 行.
INFO: [ app_begin ] --START--
INFO: Run Behavior\ReadHtmlCacheBehavior [ RunTime:0.000848s ]
INFO: [ app_begin ] --END-- [ RunTime:0.000989s ]
INFO: [ view_parse ] --START--
INFO: [ template_filter ] --START--
INFO: Run Behavior\ContentReplaceBehavior [ RunTime:0.000157s ]
INFO: [ template_filter ] --END-- [ RunTime:0.000327s ]
INFO: Run Behavior\ParseTemplateBehavior [ RunTime:0.018072s ]
INFO: [ view_parse ] --END-- [ RunTime:0.018240s ]
INFO: [ view_filter ] --START--
INFO: Run Behavior\WriteHtmlCacheBehavior [ RunTime:0.000416s ]
INFO: [ view_filter ] --END-- [ RunTime:0.000523s ]
INFO: [ app_end ] --START--
INFO: Run Behavior\ShowPageTraceBehavior [ RunTime:0.000752s ]
INFO: [ app_end ] --END-- [ RunTime:0.000869s ]

[ 2019-07-19T10:08:35+08:00 ] ::1 /index.php/FileUpdate/Pack/index.html
INFO: [ app_init ] --START--
INFO: Run Behavior\BuildLiteBehavior [ RunTime:0.000035s ]
INFO: [ app_init ] --END-- [ RunTime:0.000642s ]
NOTIC: [8] Constant LOG_PATH already defined D:\phpStudy\PHPTutorial\WWW\approach_client\Application\FileUpdate\Conf\config.php 第 24 行.
INFO: [ app_begin ] --START--
INFO: Run Behavior\ReadHtmlCacheBehavior [ RunTime:0.000837s ]
INFO: [ app_begin ] --END-- [ RunTime:0.000980s ]
INFO: [ view_parse ] --START--
INFO: [ template_filter ] --START--
INFO: Run Behavior\ContentReplaceBehavior [ RunTime:0.000182s ]
INFO: [ template_filter ] --END-- [ RunTime:0.000364s ]
NOTIC: [8] Undefined offset: 2 D:\phpStudy\PHPTutorial\WWW\approach_client\Application\Runtime\Cache\FileUpdate\6494a70a0228b83f2b8f516981417dec.php 第 87 行.
NOTIC: [8] Undefined offset: 2 D:\phpStudy\PHPTutorial\WWW\approach_client\Application\Runtime\Cache\FileUpdate\6494a70a0228b83f2b8f516981417dec.php 第 87 行.
NOTIC: [8] A non well formed numeric value encountered D:\phpStudy\PHPTutorial\WWW\approach_client\Application\Runtime\Cache\FileUpdate\6494a70a0228b83f2b8f516981417dec.php 第 147 行.
NOTIC: [8] Undefined index: relative_path D:\phpStudy\PHPTutorial\WWW\approach_client\Application\Runtime\Cache\FileUpdate\6494a70a0228b83f2b8f516981417dec.php 第 148 行.
NOTIC: [8] A non well formed numeric value encountered D:\phpStudy\PHPTutorial\WWW\approach_client\Application\Runtime\Cache\FileUpdate\6494a70a0228b83f2b8f516981417dec.php 第 147 行.
NOTIC: [8] Undefined index: relative_path D:\phpStudy\PHPTutorial\WWW\approach_client\Application\Runtime\Cache\FileUpdate\6494a70a0228b83f2b8f516981417dec.php 第 148 行.
NOTIC: [8] Undefined index: relative_path D:\phpStudy\PHPTutorial\WWW\approach_client\Application\Runtime\Cache\FileUpdate\6494a70a0228b83f2b8f516981417dec.php 第 148 行.
INFO: Run Behavior\ParseTemplateBehavior [ RunTime:0.109975s ]
INFO: [ view_parse ] --END-- [ RunTime:0.110131s ]
INFO: [ view_filter ] --START--
INFO: Run Behavior\WriteHtmlCacheBehavior [ RunTime:0.000548s ]
INFO: [ view_filter ] --END-- [ RunTime:0.000667s ]
INFO: [ app_end ] --START--
INFO: Run Behavior\ShowPageTraceBehavior [ RunTime:0.000822s ]
INFO: [ app_end ] --END-- [ RunTime:0.000948s ]

[ 2019-07-19T10:08:36+08:00 ] ::1 /index.php/FileUpdate/Index/index.html
INFO: [ app_init ] --START--
INFO: Run Behavior\BuildLiteBehavior [ RunTime:0.000024s ]
INFO: [ app_init ] --END-- [ RunTime:0.000442s ]
NOTIC: [8] Constant LOG_PATH already defined D:\phpStudy\PHPTutorial\WWW\approach_client\Application\FileUpdate\Conf\config.php 第 24 行.
INFO: [ app_begin ] --START--
INFO: Run Behavior\ReadHtmlCacheBehavior [ RunTime:0.000535s ]
INFO: [ app_begin ] --END-- [ RunTime:0.000615s ]
INFO: [ view_parse ] --START--
INFO: [ template_filter ] --START--
INFO: Run Behavior\ContentReplaceBehavior [ RunTime:0.000099s ]
INFO: [ template_filter ] --END-- [ RunTime:0.000211s ]
INFO: Run Behavior\ParseTemplateBehavior [ RunTime:0.011921s ]
INFO: [ view_parse ] --END-- [ RunTime:0.012030s ]
INFO: [ view_filter ] --START--
INFO: Run Behavior\WriteHtmlCacheBehavior [ RunTime:0.000313s ]
INFO: [ view_filter ] --END-- [ RunTime:0.000386s ]
INFO: [ app_end ] --START--
INFO: Run Behavior\ShowPageTraceBehavior [ RunTime:0.000722s ]
INFO: [ app_end ] --END-- [ RunTime:0.000817s ]

[ 2019-07-19T10:08:37+08:00 ] ::1 /index.php/FileUpdate/Pack/index.html
INFO: [ app_init ] --START--
INFO: Run Behavior\BuildLiteBehavior [ RunTime:0.000029s ]
INFO: [ app_init ] --END-- [ RunTime:0.000497s ]
NOTIC: [8] Constant LOG_PATH already defined D:\phpStudy\PHPTutorial\WWW\approach_client\Application\FileUpdate\Conf\config.php 第 24 行.
INFO: [ app_begin ] --START--
INFO: Run Behavior\ReadHtmlCacheBehavior [ RunTime:0.000671s ]
INFO: [ app_begin ] --END-- [ RunTime:0.000780s ]
INFO: [ view_parse ] --START--
INFO: [ template_filter ] --START--
INFO: Run Behavior\ContentReplaceBehavior [ RunTime:0.000103s ]
INFO: [ template_filter ] --END-- [ RunTime:0.000191s ]
NOTIC: [8] Undefined offset: 2 D:\phpStudy\PHPTutorial\WWW\approach_client\Application\Runtime\Cache\FileUpdate\6494a70a0228b83f2b8f516981417dec.php 第 87 行.
NOTIC: [8] Undefined offset: 2 D:\phpStudy\PHPTutorial\WWW\approach_client\Application\Runtime\Cache\FileUpdate\6494a70a0228b83f2b8f516981417dec.php 第 87 行.
NOTIC: [8] A non well formed numeric value encountered D:\phpStudy\PHPTutorial\WWW\approach_client\Application\Runtime\Cache\FileUpdate\6494a70a0228b83f2b8f516981417dec.php 第 147 行.
NOTIC: [8] Undefined index: relative_path D:\phpStudy\PHPTutorial\WWW\approach_client\Application\Runtime\Cache\FileUpdate\6494a70a0228b83f2b8f516981417dec.php 第 148 行.
NOTIC: [8] A non well formed numeric value encountered D:\phpStudy\PHPTutorial\WWW\approach_client\Application\Runtime\Cache\FileUpdate\6494a70a0228b83f2b8f516981417dec.php 第 147 行.
NOTIC: [8] Undefined index: relative_path D:\phpStudy\PHPTutorial\WWW\approach_client\Application\Runtime\Cache\FileUpdate\6494a70a0228b83f2b8f516981417dec.php 第 148 行.
NOTIC: [8] Undefined index: relative_path D:\phpStudy\PHPTutorial\WWW\approach_client\Application\Runtime\Cache\FileUpdate\6494a70a0228b83f2b8f516981417dec.php 第 148 行.
INFO: Run Behavior\ParseTemplateBehavior [ RunTime:0.079689s ]
INFO: [ view_parse ] --END-- [ RunTime:0.079815s ]
INFO: [ view_filter ] --START--
INFO: Run Behavior\WriteHtmlCacheBehavior [ RunTime:0.000559s ]
INFO: [ view_filter ] --END-- [ RunTime:0.000648s ]
INFO: [ app_end ] --START--
INFO: Run Behavior\ShowPageTraceBehavior [ RunTime:0.000689s ]
INFO: [ app_end ] --END-- [ RunTime:0.000794s ]

[ 2019-07-19T10:08:37+08:00 ] ::1 /index.php/FileUpdate/Index/index.html
INFO: [ app_init ] --START--
INFO: Run Behavior\BuildLiteBehavior [ RunTime:0.000036s ]
INFO: [ app_init ] --END-- [ RunTime:0.000688s ]
NOTIC: [8] Constant LOG_PATH already defined D:\phpStudy\PHPTutorial\WWW\approach_client\Application\FileUpdate\Conf\config.php 第 24 行.
INFO: [ app_begin ] --START--
INFO: Run Behavior\ReadHtmlCacheBehavior [ RunTime:0.000499s ]
INFO: [ app_begin ] --END-- [ RunTime:0.000573s ]
INFO: [ view_parse ] --START--
INFO: [ template_filter ] --START--
INFO: Run Behavior\ContentReplaceBehavior [ RunTime:0.000092s ]
INFO: [ template_filter ] --END-- [ RunTime:0.000212s ]
INFO: Run Behavior\ParseTemplateBehavior [ RunTime:0.011354s ]
INFO: [ view_parse ] --END-- [ RunTime:0.011446s ]
INFO: [ view_filter ] --START--
INFO: Run Behavior\WriteHtmlCacheBehavior [ RunTime:0.000282s ]
INFO: [ view_filter ] --END-- [ RunTime:0.000348s ]
INFO: [ app_end ] --START--
INFO: Run Behavior\ShowPageTraceBehavior [ RunTime:0.000468s ]
INFO: [ app_end ] --END-- [ RunTime:0.000547s ]

[ 2019-07-19T10:08:37+08:00 ] ::1 /index.php/FileUpdate/Pack/index.html
INFO: [ app_init ] --START--
INFO: Run Behavior\BuildLiteBehavior [ RunTime:0.000020s ]
INFO: [ app_init ] --END-- [ RunTime:0.000409s ]
NOTIC: [8] Constant LOG_PATH already defined D:\phpStudy\PHPTutorial\WWW\approach_client\Application\FileUpdate\Conf\config.php 第 24 行.
INFO: [ app_begin ] --START--
INFO: Run Behavior\ReadHtmlCacheBehavior [ RunTime:0.000496s ]
INFO: [ app_begin ] --END-- [ RunTime:0.000570s ]
INFO: [ view_parse ] --START--
INFO: [ template_filter ] --START--
INFO: Run Behavior\ContentReplaceBehavior [ RunTime:0.000104s ]
INFO: [ template_filter ] --END-- [ RunTime:0.000203s ]
NOTIC: [8] Undefined offset: 2 D:\phpStudy\PHPTutorial\WWW\approach_client\Application\Runtime\Cache\FileUpdate\6494a70a0228b83f2b8f516981417dec.php 第 87 行.
NOTIC: [8] Undefined offset: 2 D:\phpStudy\PHPTutorial\WWW\approach_client\Application\Runtime\Cache\FileUpdate\6494a70a0228b83f2b8f516981417dec.php 第 87 行.
NOTIC: [8] A non well formed numeric value encountered D:\phpStudy\PHPTutorial\WWW\approach_client\Application\Runtime\Cache\FileUpdate\6494a70a0228b83f2b8f516981417dec.php 第 147 行.
NOTIC: [8] Undefined index: relative_path D:\phpStudy\PHPTutorial\WWW\approach_client\Application\Runtime\Cache\FileUpdate\6494a70a0228b83f2b8f516981417dec.php 第 148 行.
NOTIC: [8] A non well formed numeric value encountered D:\phpStudy\PHPTutorial\WWW\approach_client\Application\Runtime\Cache\FileUpdate\6494a70a0228b83f2b8f516981417dec.php 第 147 行.
NOTIC: [8] Undefined index: relative_path D:\phpStudy\PHPTutorial\WWW\approach_client\Application\Runtime\Cache\FileUpdate\6494a70a0228b83f2b8f516981417dec.php 第 148 行.
NOTIC: [8] Undefined index: relative_path D:\phpStudy\PHPTutorial\WWW\approach_client\Application\Runtime\Cache\FileUpdate\6494a70a0228b83f2b8f516981417dec.php 第 148 行.
INFO: Run Behavior\ParseTemplateBehavior [ RunTime:0.070139s ]
INFO: [ view_parse ] --END-- [ RunTime:0.070244s ]
INFO: [ view_filter ] --START--
INFO: Run Behavior\WriteHtmlCacheBehavior [ RunTime:0.000376s ]
INFO: [ view_filter ] --END-- [ RunTime:0.000435s ]
INFO: [ app_end ] --START--
INFO: Run Behavior\ShowPageTraceBehavior [ RunTime:0.000650s ]
INFO: [ app_end ] --END-- [ RunTime:0.000753s ]

[ 2019-07-19T10:08:38+08:00 ] ::1 /index.php/FileUpdate/Index/index.html
INFO: [ app_init ] --START--
INFO: Run Behavior\BuildLiteBehavior [ RunTime:0.000024s ]
INFO: [ app_init ] --END-- [ RunTime:0.000538s ]
NOTIC: [8] Constant LOG_PATH already defined D:\phpStudy\PHPTutorial\WWW\approach_client\Application\FileUpdate\Conf\config.php 第 24 行.
INFO: [ app_begin ] --START--
INFO: Run Behavior\ReadHtmlCacheBehavior [ RunTime:0.000516s ]
INFO: [ app_begin ] --END-- [ RunTime:0.000593s ]
INFO: [ view_parse ] --START--
INFO: [ template_filter ] --START--
INFO: Run Behavior\ContentReplaceBehavior [ RunTime:0.000092s ]
INFO: [ template_filter ] --END-- [ RunTime:0.000173s ]
INFO: Run Behavior\ParseTemplateBehavior [ RunTime:0.010983s ]
INFO: [ view_parse ] --END-- [ RunTime:0.011105s ]
INFO: [ view_filter ] --START--
INFO: Run Behavior\WriteHtmlCacheBehavior [ RunTime:0.000279s ]
INFO: [ view_filter ] --END-- [ RunTime:0.000344s ]
INFO: [ app_end ] --START--
INFO: Run Behavior\ShowPageTraceBehavior [ RunTime:0.000451s ]
INFO: [ app_end ] --END-- [ RunTime:0.000517s ]

[ 2019-07-19T10:08:40+08:00 ] ::1 /index.php/FileUpdate/Pack/index.html
INFO: [ app_init ] --START--
INFO: Run Behavior\BuildLiteBehavior [ RunTime:0.000020s ]
INFO: [ app_init ] --END-- [ RunTime:0.000369s ]
NOTIC: [8] Constant LOG_PATH already defined D:\phpStudy\PHPTutorial\WWW\approach_client\Application\FileUpdate\Conf\config.php 第 24 行.
INFO: [ app_begin ] --START--
INFO: Run Behavior\ReadHtmlCacheBehavior [ RunTime:0.000474s ]
INFO: [ app_begin ] --END-- [ RunTime:0.000544s ]
INFO: [ view_parse ] --START--
INFO: [ template_filter ] --START--
INFO: Run Behavior\ContentReplaceBehavior [ RunTime:0.000100s ]
INFO: [ template_filter ] --END-- [ RunTime:0.000203s ]
NOTIC: [8] Undefined offset: 2 D:\phpStudy\PHPTutorial\WWW\approach_client\Application\Runtime\Cache\FileUpdate\6494a70a0228b83f2b8f516981417dec.php 第 87 行.
NOTIC: [8] Undefined offset: 2 D:\phpStudy\PHPTutorial\WWW\approach_client\Application\Runtime\Cache\FileUpdate\6494a70a0228b83f2b8f516981417dec.php 第 87 行.
NOTIC: [8] A non well formed numeric value encountered D:\phpStudy\PHPTutorial\WWW\approach_client\Application\Runtime\Cache\FileUpdate\6494a70a0228b83f2b8f516981417dec.php 第 147 行.
NOTIC: [8] Undefined index: relative_path D:\phpStudy\PHPTutorial\WWW\approach_client\Application\Runtime\Cache\FileUpdate\6494a70a0228b83f2b8f516981417dec.php 第 148 行.
NOTIC: [8] A non well formed numeric value encountered D:\phpStudy\PHPTutorial\WWW\approach_client\Application\Runtime\Cache\FileUpdate\6494a70a0228b83f2b8f516981417dec.php 第 147 行.
NOTIC: [8] Undefined index: relative_path D:\phpStudy\PHPTutorial\WWW\approach_client\Application\Runtime\Cache\FileUpdate\6494a70a0228b83f2b8f516981417dec.php 第 148 行.
NOTIC: [8] Undefined index: relative_path D:\phpStudy\PHPTutorial\WWW\approach_client\Application\Runtime\Cache\FileUpdate\6494a70a0228b83f2b8f516981417dec.php 第 148 行.
INFO: Run Behavior\ParseTemplateBehavior [ RunTime:0.068721s ]
INFO: [ view_parse ] --END-- [ RunTime:0.068840s ]
INFO: [ view_filter ] --START--
INFO: Run Behavior\WriteHtmlCacheBehavior [ RunTime:0.000352s ]
INFO: [ view_filter ] --END-- [ RunTime:0.000442s ]
INFO: [ app_end ] --START--
INFO: Run Behavior\ShowPageTraceBehavior [ RunTime:0.000652s ]
INFO: [ app_end ] --END-- [ RunTime:0.000755s ]

[ 2019-07-19T10:08:44+08:00 ] ::1 /index.php/FileUpdate/Index/index.html
INFO: [ app_init ] --START--
INFO: Run Behavior\BuildLiteBehavior [ RunTime:0.000032s ]
INFO: [ app_init ] --END-- [ RunTime:0.000602s ]
NOTIC: [8] Constant LOG_PATH already defined D:\phpStudy\PHPTutorial\WWW\approach_client\Application\FileUpdate\Conf\config.php 第 24 行.
INFO: [ app_begin ] --START--
INFO: Run Behavior\ReadHtmlCacheBehavior [ RunTime:0.000952s ]
INFO: [ app_begin ] --END-- [ RunTime:0.001084s ]
INFO: [ view_parse ] --START--
INFO: [ template_filter ] --START--
INFO: Run Behavior\ContentReplaceBehavior [ RunTime:0.000140s ]
INFO: [ template_filter ] --END-- [ RunTime:0.000302s ]
INFO: Run Behavior\ParseTemplateBehavior [ RunTime:0.017383s ]
INFO: [ view_parse ] --END-- [ RunTime:0.017537s ]
INFO: [ view_filter ] --START--
INFO: Run Behavior\WriteHtmlCacheBehavior [ RunTime:0.000468s ]
INFO: [ view_filter ] --END-- [ RunTime:0.000575s ]
INFO: [ app_end ] --START--
INFO: Run Behavior\ShowPageTraceBehavior [ RunTime:0.000703s ]
INFO: [ app_end ] --END-- [ RunTime:0.000819s ]

[ 2019-07-19T10:08:44+08:00 ] ::1 /index.php/FileUpdate/Pack/index.html
INFO: [ app_init ] --START--
INFO: Run Behavior\BuildLiteBehavior [ RunTime:0.000023s ]
INFO: [ app_init ] --END-- [ RunTime:0.000408s ]
NOTIC: [8] Constant LOG_PATH already defined D:\phpStudy\PHPTutorial\WWW\approach_client\Application\FileUpdate\Conf\config.php 第 24 行.
INFO: [ app_begin ] --START--
INFO: Run Behavior\ReadHtmlCacheBehavior [ RunTime:0.000618s ]
INFO: [ app_begin ] --END-- [ RunTime:0.000718s ]
INFO: [ view_parse ] --START--
INFO: [ template_filter ] --START--
INFO: Run Behavior\ContentReplaceBehavior [ RunTime:0.000110s ]
INFO: [ template_filter ] --END-- [ RunTime:0.000223s ]
NOTIC: [8] Undefined offset: 2 D:\phpStudy\PHPTutorial\WWW\approach_client\Application\Runtime\Cache\FileUpdate\6494a70a0228b83f2b8f516981417dec.php 第 87 行.
NOTIC: [8] Undefined offset: 2 D:\phpStudy\PHPTutorial\WWW\approach_client\Application\Runtime\Cache\FileUpdate\6494a70a0228b83f2b8f516981417dec.php 第 87 行.
NOTIC: [8] A non well formed numeric value encountered D:\phpStudy\PHPTutorial\WWW\approach_client\Application\Runtime\Cache\FileUpdate\6494a70a0228b83f2b8f516981417dec.php 第 147 行.
NOTIC: [8] Undefined index: relative_path D:\phpStudy\PHPTutorial\WWW\approach_client\Application\Runtime\Cache\FileUpdate\6494a70a0228b83f2b8f516981417dec.php 第 148 行.
NOTIC: [8] A non well formed numeric value encountered D:\phpStudy\PHPTutorial\WWW\approach_client\Application\Runtime\Cache\FileUpdate\6494a70a0228b83f2b8f516981417dec.php 第 147 行.
NOTIC: [8] Undefined index: relative_path D:\phpStudy\PHPTutorial\WWW\approach_client\Application\Runtime\Cache\FileUpdate\6494a70a0228b83f2b8f516981417dec.php 第 148 行.
NOTIC: [8] Undefined index: relative_path D:\phpStudy\PHPTutorial\WWW\approach_client\Application\Runtime\Cache\FileUpdate\6494a70a0228b83f2b8f516981417dec.php 第 148 行.
INFO: Run Behavior\ParseTemplateBehavior [ RunTime:0.087322s ]
INFO: [ view_parse ] --END-- [ RunTime:0.087454s ]
INFO: [ view_filter ] --START--
INFO: Run Behavior\WriteHtmlCacheBehavior [ RunTime:0.000369s ]
INFO: [ view_filter ] --END-- [ RunTime:0.000431s ]
INFO: [ app_end ] --START--
INFO: Run Behavior\ShowPageTraceBehavior [ RunTime:0.000673s ]
INFO: [ app_end ] --END-- [ RunTime:0.000780s ]

[ 2019-07-19T10:08:44+08:00 ] ::1 /index.php/FileUpdate/Index/index.html
INFO: [ app_init ] --START--
INFO: Run Behavior\BuildLiteBehavior [ RunTime:0.000035s ]
INFO: [ app_init ] --END-- [ RunTime:0.000593s ]
NOTIC: [8] Constant LOG_PATH already defined D:\phpStudy\PHPTutorial\WWW\approach_client\Application\FileUpdate\Conf\config.php 第 24 行.
INFO: [ app_begin ] --START--
INFO: Run Behavior\ReadHtmlCacheBehavior [ RunTime:0.000609s ]
INFO: [ app_begin ] --END-- [ RunTime:0.000703s ]
INFO: [ view_parse ] --START--
INFO: [ template_filter ] --START--
INFO: Run Behavior\ContentReplaceBehavior [ RunTime:0.000095s ]
INFO: [ template_filter ] --END-- [ RunTime:0.000207s ]
INFO: Run Behavior\ParseTemplateBehavior [ RunTime:0.015550s ]
INFO: [ view_parse ] --END-- [ RunTime:0.015739s ]
INFO: [ view_filter ] --START--
INFO: Run Behavior\WriteHtmlCacheBehavior [ RunTime:0.000468s ]
INFO: [ view_filter ] --END-- [ RunTime:0.000565s ]
INFO: [ app_end ] --START--
INFO: Run Behavior\ShowPageTraceBehavior [ RunTime:0.000483s ]
INFO: [ app_end ] --END-- [ RunTime:0.000554s ]

[ 2019-07-19T10:08:45+08:00 ] ::1 /index.php/FileUpdate/Pack/index.html
INFO: [ app_init ] --START--
INFO: Run Behavior\BuildLiteBehavior [ RunTime:0.000037s ]
INFO: [ app_init ] --END-- [ RunTime:0.000576s ]
NOTIC: [8] Constant LOG_PATH already defined D:\phpStudy\PHPTutorial\WWW\approach_client\Application\FileUpdate\Conf\config.php 第 24 行.
INFO: [ app_begin ] --START--
INFO: Run Behavior\ReadHtmlCacheBehavior [ RunTime:0.000646s ]
INFO: [ app_begin ] --END-- [ RunTime:0.000755s ]
INFO: [ view_parse ] --START--
INFO: [ template_filter ] --START--
INFO: Run Behavior\ContentReplaceBehavior [ RunTime:0.000101s ]
INFO: [ template_filter ] --END-- [ RunTime:0.000320s ]
NOTIC: [8] Undefined offset: 2 D:\phpStudy\PHPTutorial\WWW\approach_client\Application\Runtime\Cache\FileUpdate\6494a70a0228b83f2b8f516981417dec.php 第 87 行.
NOTIC: [8] Undefined offset: 2 D:\phpStudy\PHPTutorial\WWW\approach_client\Application\Runtime\Cache\FileUpdate\6494a70a0228b83f2b8f516981417dec.php 第 87 行.
NOTIC: [8] A non well formed numeric value encountered D:\phpStudy\PHPTutorial\WWW\approach_client\Application\Runtime\Cache\FileUpdate\6494a70a0228b83f2b8f516981417dec.php 第 147 行.
NOTIC: [8] Undefined index: relative_path D:\phpStudy\PHPTutorial\WWW\approach_client\Application\Runtime\Cache\FileUpdate\6494a70a0228b83f2b8f516981417dec.php 第 148 行.
NOTIC: [8] A non well formed numeric value encountered D:\phpStudy\PHPTutorial\WWW\approach_client\Application\Runtime\Cache\FileUpdate\6494a70a0228b83f2b8f516981417dec.php 第 147 行.
NOTIC: [8] Undefined index: relative_path D:\phpStudy\PHPTutorial\WWW\approach_client\Application\Runtime\Cache\FileUpdate\6494a70a0228b83f2b8f516981417dec.php 第 148 行.
NOTIC: [8] Undefined index: relative_path D:\phpStudy\PHPTutorial\WWW\approach_client\Application\Runtime\Cache\FileUpdate\6494a70a0228b83f2b8f516981417dec.php 第 148 行.
INFO: Run Behavior\ParseTemplateBehavior [ RunTime:0.083536s ]
INFO: [ view_parse ] --END-- [ RunTime:0.083677s ]
INFO: [ view_filter ] --START--
INFO: Run Behavior\WriteHtmlCacheBehavior [ RunTime:0.000667s ]
INFO: [ view_filter ] --END-- [ RunTime:0.000767s ]
INFO: [ app_end ] --START--
INFO: Run Behavior\ShowPageTraceBehavior [ RunTime:0.001930s ]
INFO: [ app_end ] --END-- [ RunTime:0.002092s ]

[ 2019-07-19T10:08:46+08:00 ] ::1 /index.php/FileUpdate/Index/index.html
INFO: [ app_init ] --START--
INFO: Run Behavior\BuildLiteBehavior [ RunTime:0.000156s ]
INFO: [ app_init ] --END-- [ RunTime:0.000964s ]
NOTIC: [8] Constant LOG_PATH already defined D:\phpStudy\PHPTutorial\WWW\approach_client\Application\FileUpdate\Conf\config.php 第 24 行.
INFO: [ app_begin ] --START--
INFO: Run Behavior\ReadHtmlCacheBehavior [ RunTime:0.000822s ]
INFO: [ app_begin ] --END-- [ RunTime:0.000949s ]
INFO: [ view_parse ] --START--
INFO: [ template_filter ] --START--
INFO: Run Behavior\ContentReplaceBehavior [ RunTime:0.000146s ]
INFO: [ template_filter ] --END-- [ RunTime:0.000294s ]
INFO: Run Behavior\ParseTemplateBehavior [ RunTime:0.016017s ]
INFO: [ view_parse ] --END-- [ RunTime:0.016177s ]
INFO: [ view_filter ] --START--
INFO: Run Behavior\WriteHtmlCacheBehavior [ RunTime:0.000428s ]
INFO: [ view_filter ] --END-- [ RunTime:0.000530s ]
INFO: [ app_end ] --START--
INFO: Run Behavior\ShowPageTraceBehavior [ RunTime:0.000741s ]
INFO: [ app_end ] --END-- [ RunTime:0.000858s ]

[ 2019-07-19T10:08:47+08:00 ] ::1 /index.php/FileUpdate/Pack/index.html
INFO: [ app_init ] --START--
INFO: Run Behavior\BuildLiteBehavior [ RunTime:0.000050s ]
INFO: [ app_init ] --END-- [ RunTime:0.000757s ]
NOTIC: [8] Constant LOG_PATH already defined D:\phpStudy\PHPTutorial\WWW\approach_client\Application\FileUpdate\Conf\config.php 第 24 行.
INFO: [ app_begin ] --START--
INFO: Run Behavior\ReadHtmlCacheBehavior [ RunTime:0.001137s ]
INFO: [ app_begin ] --END-- [ RunTime:0.001303s ]
INFO: [ view_parse ] --START--
INFO: [ template_filter ] --START--
INFO: Run Behavior\ContentReplaceBehavior [ RunTime:0.000159s ]
INFO: [ template_filter ] --END-- [ RunTime:0.000295s ]
NOTIC: [8] Undefined offset: 2 D:\phpStudy\PHPTutorial\WWW\approach_client\Application\Runtime\Cache\FileUpdate\6494a70a0228b83f2b8f516981417dec.php 第 87 行.
NOTIC: [8] Undefined offset: 2 D:\phpStudy\PHPTutorial\WWW\approach_client\Application\Runtime\Cache\FileUpdate\6494a70a0228b83f2b8f516981417dec.php 第 87 行.
NOTIC: [8] A non well formed numeric value encountered D:\phpStudy\PHPTutorial\WWW\approach_client\Application\Runtime\Cache\FileUpdate\6494a70a0228b83f2b8f516981417dec.php 第 147 行.
NOTIC: [8] Undefined index: relative_path D:\phpStudy\PHPTutorial\WWW\approach_client\Application\Runtime\Cache\FileUpdate\6494a70a0228b83f2b8f516981417dec.php 第 148 行.
NOTIC: [8] A non well formed numeric value encountered D:\phpStudy\PHPTutorial\WWW\approach_client\Application\Runtime\Cache\FileUpdate\6494a70a0228b83f2b8f516981417dec.php 第 147 行.
NOTIC: [8] Undefined index: relative_path D:\phpStudy\PHPTutorial\WWW\approach_client\Application\Runtime\Cache\FileUpdate\6494a70a0228b83f2b8f516981417dec.php 第 148 行.
NOTIC: [8] Undefined index: relative_path D:\phpStudy\PHPTutorial\WWW\approach_client\Application\Runtime\Cache\FileUpdate\6494a70a0228b83f2b8f516981417dec.php 第 148 行.
INFO: Run Behavior\ParseTemplateBehavior [ RunTime:0.103689s ]
INFO: [ view_parse ] --END-- [ RunTime:0.103864s ]
INFO: [ view_filter ] --START--
INFO: Run Behavior\WriteHtmlCacheBehavior [ RunTime:0.000407s ]
INFO: [ view_filter ] --END-- [ RunTime:0.000507s ]
INFO: [ app_end ] --START--
INFO: Run Behavior\ShowPageTraceBehavior [ RunTime:0.000880s ]
INFO: [ app_end ] --END-- [ RunTime:0.001029s ]

[ 2019-07-19T10:17:03+08:00 ] ::1 /index.php/FileUpdate/Index/index.html
INFO: [ app_init ] --START--
INFO: Run Behavior\BuildLiteBehavior [ RunTime:0.000027s ]
INFO: [ app_init ] --END-- [ RunTime:0.000737s ]
NOTIC: [8] Constant LOG_PATH already defined D:\phpStudy\PHPTutorial\WWW\approach_client\Application\FileUpdate\Conf\config.php 第 24 行.
INFO: [ app_begin ] --START--
INFO: Run Behavior\ReadHtmlCacheBehavior [ RunTime:0.000744s ]
INFO: [ app_begin ] --END-- [ RunTime:0.000846s ]
INFO: [ view_parse ] --START--
INFO: [ template_filter ] --START--
INFO: Run Behavior\ContentReplaceBehavior [ RunTime:0.000063s ]
INFO: [ template_filter ] --END-- [ RunTime:0.000166s ]
INFO: Run Behavior\ParseTemplateBehavior [ RunTime:0.036174s ]
INFO: [ view_parse ] --END-- [ RunTime:0.036418s ]
INFO: [ view_filter ] --START--
INFO: Run Behavior\WriteHtmlCacheBehavior [ RunTime:0.000489s ]
INFO: [ view_filter ] --END-- [ RunTime:0.000554s ]
INFO: [ app_end ] --START--
INFO: Run Behavior\ShowPageTraceBehavior [ RunTime:0.000574s ]
INFO: [ app_end ] --END-- [ RunTime:0.000641s ]

[ 2019-07-19T10:17:10+08:00 ] ::1 /index.php/FileUpdate/Pack/index.html
INFO: [ app_init ] --START--
INFO: Run Behavior\BuildLiteBehavior [ RunTime:0.000034s ]
INFO: [ app_init ] --END-- [ RunTime:0.000537s ]
NOTIC: [8] Constant LOG_PATH already defined D:\phpStudy\PHPTutorial\WWW\approach_client\Application\FileUpdate\Conf\config.php 第 24 行.
INFO: [ app_begin ] --START--
INFO: Run Behavior\ReadHtmlCacheBehavior [ RunTime:0.000500s ]
INFO: [ app_begin ] --END-- [ RunTime:0.000576s ]
INFO: [ view_parse ] --START--
INFO: [ template_filter ] --START--
INFO: Run Behavior\ContentReplaceBehavior [ RunTime:0.000114s ]
INFO: [ template_filter ] --END-- [ RunTime:0.000201s ]
NOTIC: [8] Undefined offset: 2 D:\phpStudy\PHPTutorial\WWW\approach_client\Application\Runtime\Cache\FileUpdate\6494a70a0228b83f2b8f516981417dec.php 第 87 行.
NOTIC: [8] Undefined offset: 2 D:\phpStudy\PHPTutorial\WWW\approach_client\Application\Runtime\Cache\FileUpdate\6494a70a0228b83f2b8f516981417dec.php 第 87 行.
NOTIC: [8] A non well formed numeric value encountered D:\phpStudy\PHPTutorial\WWW\approach_client\Application\Runtime\Cache\FileUpdate\6494a70a0228b83f2b8f516981417dec.php 第 147 行.
NOTIC: [8] Undefined index: relative_path D:\phpStudy\PHPTutorial\WWW\approach_client\Application\Runtime\Cache\FileUpdate\6494a70a0228b83f2b8f516981417dec.php 第 148 行.
NOTIC: [8] A non well formed numeric value encountered D:\phpStudy\PHPTutorial\WWW\approach_client\Application\Runtime\Cache\FileUpdate\6494a70a0228b83f2b8f516981417dec.php 第 147 行.
NOTIC: [8] Undefined index: relative_path D:\phpStudy\PHPTutorial\WWW\approach_client\Application\Runtime\Cache\FileUpdate\6494a70a0228b83f2b8f516981417dec.php 第 148 行.
NOTIC: [8] Undefined index: relative_path D:\phpStudy\PHPTutorial\WWW\approach_client\Application\Runtime\Cache\FileUpdate\6494a70a0228b83f2b8f516981417dec.php 第 148 行.
INFO: Run Behavior\ParseTemplateBehavior [ RunTime:0.064167s ]
INFO: [ view_parse ] --END-- [ RunTime:0.064267s ]
INFO: [ view_filter ] --START--
INFO: Run Behavior\WriteHtmlCacheBehavior [ RunTime:0.000458s ]
INFO: [ view_filter ] --END-- [ RunTime:0.000527s ]
INFO: [ app_end ] --START--
INFO: Run Behavior\ShowPageTraceBehavior [ RunTime:0.002034s ]
INFO: [ app_end ] --END-- [ RunTime:0.002160s ]

[ 2019-07-19T10:17:11+08:00 ] ::1 /index.php/FileUpdate/Index/index.html
INFO: [ app_init ] --START--
INFO: Run Behavior\BuildLiteBehavior [ RunTime:0.000030s ]
INFO: [ app_init ] --END-- [ RunTime:0.000565s ]
NOTIC: [8] Constant LOG_PATH already defined D:\phpStudy\PHPTutorial\WWW\approach_client\Application\FileUpdate\Conf\config.php 第 24 行.
INFO: [ app_begin ] --START--
INFO: Run Behavior\ReadHtmlCacheBehavior [ RunTime:0.000803s ]
INFO: [ app_begin ] --END-- [ RunTime:0.000941s ]
INFO: [ view_parse ] --START--
INFO: Run Behavior\ParseTemplateBehavior [ RunTime:0.000503s ]
INFO: [ view_parse ] --END-- [ RunTime:0.000634s ]
INFO: [ view_filter ] --START--
INFO: Run Behavior\WriteHtmlCacheBehavior [ RunTime:0.000467s ]
INFO: [ view_filter ] --END-- [ RunTime:0.000560s ]
INFO: [ app_end ] --START--
INFO: Run Behavior\ShowPageTraceBehavior [ RunTime:0.000801s ]
INFO: [ app_end ] --END-- [ RunTime:0.000896s ]

[ 2019-07-19T10:17:12+08:00 ] ::1 /index.php/FileUpdate/Pack/index.html
INFO: [ app_init ] --START--
INFO: Run Behavior\BuildLiteBehavior [ RunTime:0.000031s ]
INFO: [ app_init ] --END-- [ RunTime:0.000547s ]
NOTIC: [8] Constant LOG_PATH already defined D:\phpStudy\PHPTutorial\WWW\approach_client\Application\FileUpdate\Conf\config.php 第 24 行.
INFO: [ app_begin ] --START--
INFO: Run Behavior\ReadHtmlCacheBehavior [ RunTime:0.000455s ]
INFO: [ app_begin ] --END-- [ RunTime:0.000523s ]
INFO: [ view_parse ] --START--
INFO: [ template_filter ] --START--
INFO: Run Behavior\ContentReplaceBehavior [ RunTime:0.000160s ]
INFO: [ template_filter ] --END-- [ RunTime:0.000297s ]
NOTIC: [8] Undefined offset: 2 D:\phpStudy\PHPTutorial\WWW\approach_client\Application\Runtime\Cache\FileUpdate\6494a70a0228b83f2b8f516981417dec.php 第 87 行.
NOTIC: [8] Undefined offset: 2 D:\phpStudy\PHPTutorial\WWW\approach_client\Application\Runtime\Cache\FileUpdate\6494a70a0228b83f2b8f516981417dec.php 第 87 行.
NOTIC: [8] A non well formed numeric value encountered D:\phpStudy\PHPTutorial\WWW\approach_client\Application\Runtime\Cache\FileUpdate\6494a70a0228b83f2b8f516981417dec.php 第 147 行.
NOTIC: [8] Undefined index: relative_path D:\phpStudy\PHPTutorial\WWW\approach_client\Application\Runtime\Cache\FileUpdate\6494a70a0228b83f2b8f516981417dec.php 第 148 行.
NOTIC: [8] A non well formed numeric value encountered D:\phpStudy\PHPTutorial\WWW\approach_client\Application\Runtime\Cache\FileUpdate\6494a70a0228b83f2b8f516981417dec.php 第 147 行.
NOTIC: [8] Undefined index: relative_path D:\phpStudy\PHPTutorial\WWW\approach_client\Application\Runtime\Cache\FileUpdate\6494a70a0228b83f2b8f516981417dec.php 第 148 行.
NOTIC: [8] Undefined index: relative_path D:\phpStudy\PHPTutorial\WWW\approach_client\Application\Runtime\Cache\FileUpdate\6494a70a0228b83f2b8f516981417dec.php 第 148 行.
INFO: Run Behavior\ParseTemplateBehavior [ RunTime:0.068794s ]
INFO: [ view_parse ] --END-- [ RunTime:0.068920s ]
INFO: [ view_filter ] --START--
INFO: Run Behavior\WriteHtmlCacheBehavior [ RunTime:0.000445s ]
INFO: [ view_filter ] --END-- [ RunTime:0.000504s ]
INFO: [ app_end ] --START--
INFO: Run Behavior\ShowPageTraceBehavior [ RunTime:0.000778s ]
INFO: [ app_end ] --END-- [ RunTime:0.000883s ]

[ 2019-07-19T10:17:12+08:00 ] ::1 /index.php/FileUpdate/Index/index.html
INFO: [ app_init ] --START--
INFO: Run Behavior\BuildLiteBehavior [ RunTime:0.000030s ]
INFO: [ app_init ] --END-- [ RunTime:0.000557s ]
NOTIC: [8] Constant LOG_PATH already defined D:\phpStudy\PHPTutorial\WWW\approach_client\Application\FileUpdate\Conf\config.php 第 24 行.
INFO: [ app_begin ] --START--
INFO: Run Behavior\ReadHtmlCacheBehavior [ RunTime:0.000620s ]
INFO: [ app_begin ] --END-- [ RunTime:0.000714s ]
INFO: [ view_parse ] --START--
INFO: Run Behavior\ParseTemplateBehavior [ RunTime:0.000428s ]
INFO: [ view_parse ] --END-- [ RunTime:0.000528s ]
INFO: [ view_filter ] --START--
INFO: Run Behavior\WriteHtmlCacheBehavior [ RunTime:0.000403s ]
INFO: [ view_filter ] --END-- [ RunTime:0.000473s ]
INFO: [ app_end ] --START--
INFO: Run Behavior\ShowPageTraceBehavior [ RunTime:0.000642s ]
INFO: [ app_end ] --END-- [ RunTime:0.000711s ]

[ 2019-07-19T10:18:19+08:00 ] ::1 /index.php/FileUpdate/Index/index.html
INFO: [ app_init ] --START--
INFO: Run Behavior\BuildLiteBehavior [ RunTime:0.000032s ]
INFO: [ app_init ] --END-- [ RunTime:0.000571s ]
NOTIC: [8] Constant LOG_PATH already defined D:\phpStudy\PHPTutorial\WWW\approach_client\Application\FileUpdate\Conf\config.php 第 24 行.
INFO: [ app_begin ] --START--
INFO: Run Behavior\ReadHtmlCacheBehavior [ RunTime:0.000778s ]
INFO: [ app_begin ] --END-- [ RunTime:0.000910s ]
INFO: [ view_parse ] --START--
INFO: Run Behavior\ParseTemplateBehavior [ RunTime:0.000496s ]
INFO: [ view_parse ] --END-- [ RunTime:0.000625s ]
INFO: [ view_filter ] --START--
INFO: Run Behavior\WriteHtmlCacheBehavior [ RunTime:0.000437s ]
INFO: [ view_filter ] --END-- [ RunTime:0.000521s ]
INFO: [ app_end ] --START--
INFO: Run Behavior\ShowPageTraceBehavior [ RunTime:0.000737s ]
INFO: [ app_end ] --END-- [ RunTime:0.000835s ]

[ 2019-07-19T10:18:21+08:00 ] ::1 /index.php/FileUpdate/Pack/index.html
INFO: [ app_init ] --START--
INFO: Run Behavior\BuildLiteBehavior [ RunTime:0.000031s ]
INFO: [ app_init ] --END-- [ RunTime:0.000575s ]
NOTIC: [8] Constant LOG_PATH already defined D:\phpStudy\PHPTutorial\WWW\approach_client\Application\FileUpdate\Conf\config.php 第 24 行.
INFO: [ app_begin ] --START--
INFO: Run Behavior\ReadHtmlCacheBehavior [ RunTime:0.000677s ]
INFO: [ app_begin ] --END-- [ RunTime:0.000777s ]
INFO: [ view_parse ] --START--
INFO: [ template_filter ] --START--
INFO: Run Behavior\ContentReplaceBehavior [ RunTime:0.000165s ]
INFO: [ template_filter ] --END-- [ RunTime:0.000317s ]
NOTIC: [8] Undefined offset: 2 D:\phpStudy\PHPTutorial\WWW\approach_client\Application\Runtime\Cache\FileUpdate\6494a70a0228b83f2b8f516981417dec.php 第 87 行.
NOTIC: [8] Undefined offset: 2 D:\phpStudy\PHPTutorial\WWW\approach_client\Application\Runtime\Cache\FileUpdate\6494a70a0228b83f2b8f516981417dec.php 第 87 行.
NOTIC: [8] A non well formed numeric value encountered D:\phpStudy\PHPTutorial\WWW\approach_client\Application\Runtime\Cache\FileUpdate\6494a70a0228b83f2b8f516981417dec.php 第 147 行.
NOTIC: [8] Undefined index: relative_path D:\phpStudy\PHPTutorial\WWW\approach_client\Application\Runtime\Cache\FileUpdate\6494a70a0228b83f2b8f516981417dec.php 第 148 行.
NOTIC: [8] A non well formed numeric value encountered D:\phpStudy\PHPTutorial\WWW\approach_client\Application\Runtime\Cache\FileUpdate\6494a70a0228b83f2b8f516981417dec.php 第 147 行.
NOTIC: [8] Undefined index: relative_path D:\phpStudy\PHPTutorial\WWW\approach_client\Application\Runtime\Cache\FileUpdate\6494a70a0228b83f2b8f516981417dec.php 第 148 行.
NOTIC: [8] Undefined index: relative_path D:\phpStudy\PHPTutorial\WWW\approach_client\Application\Runtime\Cache\FileUpdate\6494a70a0228b83f2b8f516981417dec.php 第 148 行.
INFO: Run Behavior\ParseTemplateBehavior [ RunTime:0.089826s ]
INFO: [ view_parse ] --END-- [ RunTime:0.089955s ]
INFO: [ view_filter ] --START--
INFO: Run Behavior\WriteHtmlCacheBehavior [ RunTime:0.000649s ]
INFO: [ view_filter ] --END-- [ RunTime:0.000743s ]
INFO: [ app_end ] --START--
INFO: Run Behavior\ShowPageTraceBehavior [ RunTime:0.003302s ]
INFO: [ app_end ] --END-- [ RunTime:0.003471s ]

[ 2019-07-19T10:18:21+08:00 ] ::1 /index.php/FileUpdate/Index/index.html
INFO: [ app_init ] --START--
INFO: Run Behavior\BuildLiteBehavior [ RunTime:0.000033s ]
INFO: [ app_init ] --END-- [ RunTime:0.000562s ]
NOTIC: [8] Constant LOG_PATH already defined D:\phpStudy\PHPTutorial\WWW\approach_client\Application\FileUpdate\Conf\config.php 第 24 行.
INFO: [ app_begin ] --START--
INFO: Run Behavior\ReadHtmlCacheBehavior [ RunTime:0.000690s ]
INFO: [ app_begin ] --END-- [ RunTime:0.000803s ]
INFO: [ view_parse ] --START--
INFO: Run Behavior\ParseTemplateBehavior [ RunTime:0.000445s ]
INFO: [ view_parse ] --END-- [ RunTime:0.000547s ]
INFO: [ view_filter ] --START--
INFO: Run Behavior\WriteHtmlCacheBehavior [ RunTime:0.000372s ]
INFO: [ view_filter ] --END-- [ RunTime:0.000437s ]
INFO: [ app_end ] --START--
INFO: Run Behavior\ShowPageTraceBehavior [ RunTime:0.000681s ]
INFO: [ app_end ] --END-- [ RunTime:0.000762s ]

